xrun(64): 23.09-s003: (c) Copyright 1995-2023 Cadence Design Systems, Inc.
TOOL:	xrun(64)	23.09-s003: Started on Dec 06, 2024 at 13:15:20 +03
xrun
	-gui
	-access rwc
	-f run.f
		-64
		-uvmhome /eda/cadence/2022-23/RHELx86/XCELIUM_23.09.003/tools/methodology/UVM/CDNS-1.1d
		-incdir ../sv
		+UVM_VERBOSITY=UVM_LOW
		+UVM_TESTNAME=new_test
		../sv/cache_pkg.sv
		../sv/cache_if.sv
		../sv/icache.sv
		../sv/plru.sv
		../sv/sp_bram.sv
		top.sv
	-s

   User defined plus("+") options:
	+UVM_VERBOSITY=UVM_LOW

Recompiling... reason: file '../sv/cache_driver.sv' is newer than expected.
	expected: Fri Dec  6 13:14:31 2024
	actual:   Fri Dec  6 13:15:15 2024
Compiling UVM packages (uvm_pkg.sv cdns_uvm_pkg.sv) using uvmhome location /eda/cadence/2022-23/RHELx86/XCELIUM_23.09.003/tools/methodology/UVM/CDNS-1.1d
file: ../sv/cache_pkg.sv
	package worklib.cache_pkg:sv
		errors: 0, warnings: 0
		Caching library 'worklib' ....... Done
	Elaborating the design hierarchy:
	Top level design units:
		uvm_pkg
		cdns_uvmapi
		cdns_assert2uvm_pkg
		cdns_uvm_pkg
		tcore_param
		cache_pkg
		$unit_0x773f5f84
		top
	Building instance overlay tables: .................... Done
	Generating native compiled code:
		worklib.plru:sv <0x77e994a6>
			streams:   1, words:  1958
		worklib.sp_bram:sv <0x31664a2f>
			streams:   3, words:  1293
		worklib.sp_bram:sv <0x7852dcfd>
			streams:   3, words:  1355
		worklib.sp_bram:sv <0x37770276>
			streams:   3, words:  2326
		worklib.top:sv <0x2c896f5d>
			streams:  10, words:  6822
		worklib.icache:sv <0x4a05eef3>
			streams:  25, words: 19065
		worklib.icache_if:sv <0x74de4d2d>
			streams: 1069, words: 1152636
	Building instance specific data structures.
	Loading native compiled code:     .................... Done
	Design hierarchy summary:
		                       Instances  Unique
		Modules:                      20       4
		Interfaces:                    1       1
		Verilog packages:              6       6
		Registers:                 15016   10431
		Scalar wires:                 38       -
		Expanded wires:              130       1
		Vectored wires:               71       -
		Named events:                  4      12
		Always blocks:                22       6
		Initial blocks:              323     167
		Parallel blocks:              26      27
		Pseudo assignments:           88       -
		Assertions:                    2       2
		Compilation units:             1       1
		SV Class declarations:       210     324
		SV Class specializations:    425     425
		Process Clocks:               18       1
	Writing initial simulation snapshot: worklib.top:sv
xmsim: *W,NOMTDGUI: Multi-Threaded Dumping is disabled for interactive debug mode.
SVSEED default: 1
xcelium> 
xcelium> source /eda/cadence/2022-23/RHELx86/XCELIUM_23.09.003/tools/xcelium/files/xmsimrc
xcelium> source /eda/cadence/2022-23/RHELx86/XCELIUM_23.09.003/tools/methodology/UVM/CDNS-1.1d/additions/sv/files/tcl/uvm_sim.tcl
xcelium> 
-------------------------------------
Relinquished control to SimVision...
# Restoring simulation environment...
xcelium> input -quiet .reinvoke.sim
xcelium> file delete .reinvoke.sim
xcelium> run
----------------------------------------------------------------
CDNS-UVM-1.1d (23.09-s003)
(C) 2007-2013 Mentor Graphics Corporation
(C) 2007-2013 Cadence Design Systems, Inc.
(C) 2006-2013 Synopsys, Inc.
(C) 2011-2013 Cypress Semiconductor Corp.
----------------------------------------------------------------

  ***********       IMPORTANT RELEASE NOTES         ************

  You are using a version of the UVM library that has been compiled
  with `UVM_NO_DEPRECATED undefined.
  See http://www.eda.org/svdb/view.php?id=3313 for more details.

  You are using a version of the UVM library that has been compiled
  with `UVM_OBJECT_MUST_HAVE_CONSTRUCTOR undefined.
  See http://www.eda.org/svdb/view.php?id=3770 for more details.

      (Specify +UVM_NO_RELNOTES to turn off this notice)

UVM_INFO @ 0: reporter [RNTST] Running test new_test...
UVM_INFO @ 0: reporter [UVMTOP] UVM testbench topology:
-----------------------------------------------------------------------
Name                          Type                     Size  Value     
-----------------------------------------------------------------------
uvm_test_top                  new_test                 -     @2685     
  tb                          cache_tb                 -     @2756     
    cache                     cache_env                -     @2807     
      core_agent              c2c_agent                -     @2838     
        driver                c2c_driver               -     @3703     
          rsp_port            uvm_analysis_port        -     @3854     
            recording_detail  integral                 32    'd1       
          seq_item_port       uvm_seq_item_pull_port   -     @3805     
            recording_detail  integral                 32    'd1       
          recording_detail    integral                 32    'd1       
        monitor               c2c_monitor              -     @3035     
          cache_send          uvm_analysis_port        -     @3088     
            recording_detail  integral                 32    'd1       
          recording_detail    integral                 32    'd1       
        sequencer             c2c_sequencer            -     @3118     
          rsp_export          uvm_analysis_export      -     @3176     
            recording_detail  integral                 32    'd1       
          seq_item_export     uvm_seq_item_pull_imp    -     @3724     
            recording_detail  integral                 32    'd1       
          recording_detail    integral                 32    'd1       
          arbitration_queue   array                    0     -         
          lock_queue          array                    0     -         
          num_last_reqs       integral                 32    'd1       
          num_last_rsps       integral                 32    'd1       
        is_active             uvm_active_passive_enum  1     UVM_ACTIVE
        recording_detail      integral                 32    'd1       
      lowX_agent              c2m_agent                -     @2837     
        driver                c2m_driver               -     @4585     
          rsp_port            uvm_analysis_port        -     @4736     
            recording_detail  integral                 32    'd1       
          seq_item_port       uvm_seq_item_pull_port   -     @4687     
            recording_detail  integral                 32    'd1       
          recording_detail    integral                 32    'd1       
        monitor               c2m_monitor              -     @3924     
          lowX_send           uvm_analysis_port        -     @3971     
            recording_detail  integral                 32    'd1       
          recording_detail    integral                 32    'd1       
        sequencer             c2m_sequencer            -     @4001     
          rsp_export          uvm_analysis_export      -     @4058     
            recording_detail  integral                 32    'd1       
          seq_item_export     uvm_seq_item_pull_imp    -     @4606     
            recording_detail  integral                 32    'd1       
          recording_detail    integral                 32    'd1       
          arbitration_queue   array                    0     -         
          lock_queue          array                    0     -         
          num_last_reqs       integral                 32    'd1       
          num_last_rsps       integral                 32    'd1       
        is_active             uvm_active_passive_enum  1     UVM_ACTIVE
        recording_detail      integral                 32    'd1       
      sb                      scoreboard               -     @2867     
        c2c_mon               uvm_analysis_port        -     @2947     
          recording_detail    integral                 32    'd1       
        c2m_mon               uvm_analysis_port        -     @2998     
          recording_detail    integral                 32    'd1       
        recording_detail      integral                 32    'd1       
      recording_detail        integral                 32    'd1       
    recording_detail          integral                 32    'd1       
-----------------------------------------------------------------------

SDI/Verilog Transaction Recording Facility Version 23.09-s003
UVM_INFO ../sv/cache_seqs.sv(99) @ 0: uvm_test_top.tb.cache.lowX_agent.sequencer@@c2m_5_packets [c2m_5_packets] Executing c2m_5_packets sequence
UVM_INFO ../sv/cache_seqs.sv(48) @ 0: uvm_test_top.tb.cache.core_agent.sequencer@@c2c_5_packets [c2c_5_packets] Executing c2c_5_packets sequence
UVM_ERROR @ 10: uvm_test_top.tb.cache.lowX_agent.sequencer [uvm_test_top.tb.cache.lowX_agent.sequencer] Get_next_item called twice without item_done or get in between
UVM_ERROR @ 30: uvm_test_top.tb.cache.lowX_agent.sequencer [uvm_test_top.tb.cache.lowX_agent.sequencer] Get_next_item called twice without item_done or get in between
UVM_ERROR @ 50: uvm_test_top.tb.cache.lowX_agent.sequencer [uvm_test_top.tb.cache.lowX_agent.sequencer] Get_next_item called twice without item_done or get in between
UVM_ERROR @ 70: uvm_test_top.tb.cache.lowX_agent.sequencer [uvm_test_top.tb.cache.lowX_agent.sequencer] Get_next_item called twice without item_done or get in between
UVM_ERROR @ 90: uvm_test_top.tb.cache.lowX_agent.sequencer [uvm_test_top.tb.cache.lowX_agent.sequencer] Get_next_item called twice without item_done or get in between
UVM_ERROR @ 110: uvm_test_top.tb.cache.lowX_agent.sequencer [uvm_test_top.tb.cache.lowX_agent.sequencer] Get_next_item called twice without item_done or get in between
UVM_ERROR @ 130: uvm_test_top.tb.cache.lowX_agent.sequencer [uvm_test_top.tb.cache.lowX_agent.sequencer] Get_next_item called twice without item_done or get in between
UVM_ERROR @ 150: uvm_test_top.tb.cache.lowX_agent.sequencer [uvm_test_top.tb.cache.lowX_agent.sequencer] Get_next_item called twice without item_done or get in between
UVM_ERROR @ 170: uvm_test_top.tb.cache.lowX_agent.sequencer [uvm_test_top.tb.cache.lowX_agent.sequencer] Get_next_item called twice without item_done or get in between
UVM_ERROR @ 190: uvm_test_top.tb.cache.lowX_agent.sequencer [uvm_test_top.tb.cache.lowX_agent.sequencer] Get_next_item called twice without item_done or get in between
UVM_ERROR @ 210: uvm_test_top.tb.cache.lowX_agent.sequencer [uvm_test_top.tb.cache.lowX_agent.sequencer] Get_next_item called twice without item_done or get in between
UVM_ERROR @ 230: uvm_test_top.tb.cache.lowX_agent.sequencer [uvm_test_top.tb.cache.lowX_agent.sequencer] Get_next_item called twice without item_done or get in between
UVM_ERROR @ 250: uvm_test_top.tb.cache.lowX_agent.sequencer [uvm_test_top.tb.cache.lowX_agent.sequencer] Get_next_item called twice without item_done or get in between
UVM_ERROR @ 270: uvm_test_top.tb.cache.lowX_agent.sequencer [uvm_test_top.tb.cache.lowX_agent.sequencer] Get_next_item called twice without item_done or get in between
UVM_ERROR @ 290: uvm_test_top.tb.cache.lowX_agent.sequencer [uvm_test_top.tb.cache.lowX_agent.sequencer] Get_next_item called twice without item_done or get in between
UVM_ERROR @ 310: uvm_test_top.tb.cache.lowX_agent.sequencer [uvm_test_top.tb.cache.lowX_agent.sequencer] Get_next_item called twice without item_done or get in between
UVM_ERROR @ 330: uvm_test_top.tb.cache.lowX_agent.sequencer [uvm_test_top.tb.cache.lowX_agent.sequencer] Get_next_item called twice without item_done or get in between
UVM_ERROR @ 350: uvm_test_top.tb.cache.lowX_agent.sequencer [uvm_test_top.tb.cache.lowX_agent.sequencer] Get_next_item called twice without item_done or get in between
UVM_ERROR @ 370: uvm_test_top.tb.cache.lowX_agent.sequencer [uvm_test_top.tb.cache.lowX_agent.sequencer] Get_next_item called twice without item_done or get in between
UVM_ERROR @ 390: uvm_test_top.tb.cache.lowX_agent.sequencer [uvm_test_top.tb.cache.lowX_agent.sequencer] Get_next_item called twice without item_done or get in between
UVM_ERROR @ 410: uvm_test_top.tb.cache.lowX_agent.sequencer [uvm_test_top.tb.cache.lowX_agent.sequencer] Get_next_item called twice without item_done or get in between
UVM_ERROR @ 430: uvm_test_top.tb.cache.lowX_agent.sequencer [uvm_test_top.tb.cache.lowX_agent.sequencer] Get_next_item called twice without item_done or get in between
UVM_ERROR @ 450: uvm_test_top.tb.cache.lowX_agent.sequencer [uvm_test_top.tb.cache.lowX_agent.sequencer] Get_next_item called twice without item_done or get in between
UVM_ERROR @ 470: uvm_test_top.tb.cache.lowX_agent.sequencer [uvm_test_top.tb.cache.lowX_agent.sequencer] Get_next_item called twice without item_done or get in between
UVM_ERROR @ 490: uvm_test_top.tb.cache.lowX_agent.sequencer [uvm_test_top.tb.cache.lowX_agent.sequencer] Get_next_item called twice without item_done or get in between
UVM_ERROR @ 510: uvm_test_top.tb.cache.lowX_agent.sequencer [uvm_test_top.tb.cache.lowX_agent.sequencer] Get_next_item called twice without item_done or get in between
UVM_ERROR @ 530: uvm_test_top.tb.cache.lowX_agent.sequencer [uvm_test_top.tb.cache.lowX_agent.sequencer] Get_next_item called twice without item_done or get in between
UVM_ERROR @ 550: uvm_test_top.tb.cache.lowX_agent.sequencer [uvm_test_top.tb.cache.lowX_agent.sequencer] Get_next_item called twice without item_done or get in between
UVM_ERROR @ 570: uvm_test_top.tb.cache.lowX_agent.sequencer [uvm_test_top.tb.cache.lowX_agent.sequencer] Get_next_item called twice without item_done or get in between
UVM_ERROR @ 590: uvm_test_top.tb.cache.lowX_agent.sequencer [uvm_test_top.tb.cache.lowX_agent.sequencer] Get_next_item called twice without item_done or get in between
UVM_ERROR @ 610: uvm_test_top.tb.cache.lowX_agent.sequencer [uvm_test_top.tb.cache.lowX_agent.sequencer] Get_next_item called twice without item_done or get in between
UVM_ERROR @ 630: uvm_test_top.tb.cache.lowX_agent.sequencer [uvm_test_top.tb.cache.lowX_agent.sequencer] Get_next_item called twice without item_done or get in between
UVM_ERROR @ 650: uvm_test_top.tb.cache.lowX_agent.sequencer [uvm_test_top.tb.cache.lowX_agent.sequencer] Get_next_item called twice without item_done or get in between
UVM_ERROR @ 670: uvm_test_top.tb.cache.lowX_agent.sequencer [uvm_test_top.tb.cache.lowX_agent.sequencer] Get_next_item called twice without item_done or get in between
UVM_ERROR @ 690: uvm_test_top.tb.cache.lowX_agent.sequencer [uvm_test_top.tb.cache.lowX_agent.sequencer] Get_next_item called twice without item_done or get in between
UVM_ERROR @ 710: uvm_test_top.tb.cache.lowX_agent.sequencer [uvm_test_top.tb.cache.lowX_agent.sequencer] Get_next_item called twice without item_done or get in between
UVM_ERROR @ 730: uvm_test_top.tb.cache.lowX_agent.sequencer [uvm_test_top.tb.cache.lowX_agent.sequencer] Get_next_item called twice without item_done or get in between
UVM_ERROR @ 750: uvm_test_top.tb.cache.lowX_agent.sequencer [uvm_test_top.tb.cache.lowX_agent.sequencer] Get_next_item called twice without item_done or get in between
UVM_ERROR @ 770: uvm_test_top.tb.cache.lowX_agent.sequencer [uvm_test_top.tb.cache.lowX_agent.sequencer] Get_next_item called twice without item_done or get in between
UVM_ERROR @ 790: uvm_test_top.tb.cache.lowX_agent.sequencer [uvm_test_top.tb.cache.lowX_agent.sequencer] Get_next_item called twice without item_done or get in between
UVM_ERROR @ 810: uvm_test_top.tb.cache.lowX_agent.sequencer [uvm_test_top.tb.cache.lowX_agent.sequencer] Get_next_item called twice without item_done or get in between
UVM_ERROR @ 830: uvm_test_top.tb.cache.lowX_agent.sequencer [uvm_test_top.tb.cache.lowX_agent.sequencer] Get_next_item called twice without item_done or get in between
UVM_ERROR @ 850: uvm_test_top.tb.cache.lowX_agent.sequencer [uvm_test_top.tb.cache.lowX_agent.sequencer] Get_next_item called twice without item_done or get in between
UVM_ERROR @ 870: uvm_test_top.tb.cache.lowX_agent.sequencer [uvm_test_top.tb.cache.lowX_agent.sequencer] Get_next_item called twice without item_done or get in between
UVM_ERROR @ 890: uvm_test_top.tb.cache.lowX_agent.sequencer [uvm_test_top.tb.cache.lowX_agent.sequencer] Get_next_item called twice without item_done or get in between
UVM_ERROR @ 910: uvm_test_top.tb.cache.lowX_agent.sequencer [uvm_test_top.tb.cache.lowX_agent.sequencer] Get_next_item called twice without item_done or get in between
UVM_ERROR @ 930: uvm_test_top.tb.cache.lowX_agent.sequencer [uvm_test_top.tb.cache.lowX_agent.sequencer] Get_next_item called twice without item_done or get in between
UVM_ERROR @ 950: uvm_test_top.tb.cache.lowX_agent.sequencer [uvm_test_top.tb.cache.lowX_agent.sequencer] Get_next_item called twice without item_done or get in between
UVM_ERROR @ 970: uvm_test_top.tb.cache.lowX_agent.sequencer [uvm_test_top.tb.cache.lowX_agent.sequencer] Get_next_item called twice without item_done or get in between
UVM_ERROR @ 990: uvm_test_top.tb.cache.lowX_agent.sequencer [uvm_test_top.tb.cache.lowX_agent.sequencer] Get_next_item called twice without item_done or get in between
UVM_ERROR @ 1010: uvm_test_top.tb.cache.lowX_agent.sequencer [uvm_test_top.tb.cache.lowX_agent.sequencer] Get_next_item called twice without item_done or get in between
UVM_ERROR @ 1030: uvm_test_top.tb.cache.lowX_agent.sequencer [uvm_test_top.tb.cache.lowX_agent.sequencer] Get_next_item called twice without item_done or get in between
UVM_ERROR @ 1050: uvm_test_top.tb.cache.lowX_agent.sequencer [uvm_test_top.tb.cache.lowX_agent.sequencer] Get_next_item called twice without item_done or get in between
UVM_ERROR @ 1070: uvm_test_top.tb.cache.lowX_agent.sequencer [uvm_test_top.tb.cache.lowX_agent.sequencer] Get_next_item called twice without item_done or get in between
UVM_ERROR @ 1090: uvm_test_top.tb.cache.lowX_agent.sequencer [uvm_test_top.tb.cache.lowX_agent.sequencer] Get_next_item called twice without item_done or get in between
UVM_ERROR @ 1110: uvm_test_top.tb.cache.lowX_agent.sequencer [uvm_test_top.tb.cache.lowX_agent.sequencer] Get_next_item called twice without item_done or get in between
UVM_ERROR @ 1130: uvm_test_top.tb.cache.lowX_agent.sequencer [uvm_test_top.tb.cache.lowX_agent.sequencer] Get_next_item called twice without item_done or get in between
UVM_ERROR @ 1150: uvm_test_top.tb.cache.lowX_agent.sequencer [uvm_test_top.tb.cache.lowX_agent.sequencer] Get_next_item called twice without item_done or get in between
UVM_ERROR @ 1170: uvm_test_top.tb.cache.lowX_agent.sequencer [uvm_test_top.tb.cache.lowX_agent.sequencer] Get_next_item called twice without item_done or get in between
UVM_ERROR @ 1190: uvm_test_top.tb.cache.lowX_agent.sequencer [uvm_test_top.tb.cache.lowX_agent.sequencer] Get_next_item called twice without item_done or get in between
UVM_ERROR @ 1210: uvm_test_top.tb.cache.lowX_agent.sequencer [uvm_test_top.tb.cache.lowX_agent.sequencer] Get_next_item called twice without item_done or get in between
UVM_ERROR @ 1230: uvm_test_top.tb.cache.lowX_agent.sequencer [uvm_test_top.tb.cache.lowX_agent.sequencer] Get_next_item called twice without item_done or get in between
UVM_ERROR @ 1250: uvm_test_top.tb.cache.lowX_agent.sequencer [uvm_test_top.tb.cache.lowX_agent.sequencer] Get_next_item called twice without item_done or get in between
UVM_ERROR @ 1270: uvm_test_top.tb.cache.lowX_agent.sequencer [uvm_test_top.tb.cache.lowX_agent.sequencer] Get_next_item called twice without item_done or get in between
UVM_ERROR @ 1290: uvm_test_top.tb.cache.lowX_agent.sequencer [uvm_test_top.tb.cache.lowX_agent.sequencer] Get_next_item called twice without item_done or get in between
UVM_ERROR @ 1310: uvm_test_top.tb.cache.lowX_agent.sequencer [uvm_test_top.tb.cache.lowX_agent.sequencer] Get_next_item called twice without item_done or get in between
UVM_INFO ../sv/cache_driver.sv(63) @ 1310: uvm_test_top.tb.cache.lowX_agent.driver [c2m_driver] LowX request received
UVM_INFO ../sv/cache_driver.sv(31) @ 1430: uvm_test_top.tb.cache.core_agent.driver [c2c_driver] Cache response received
UVM_INFO ../sv/cache_monitor.sv(33) @ 1450: uvm_test_top.tb.cache.core_agent.monitor [c2c_monitor] Cache response captured
UVM_INFO ../sv/cache_driver.sv(31) @ 1450: uvm_test_top.tb.cache.core_agent.driver [c2c_driver] Cache response received
UVM_ERROR @ 1490: uvm_test_top.tb.cache.lowX_agent.sequencer [uvm_test_top.tb.cache.lowX_agent.sequencer] Get_next_item called twice without item_done or get in between
UVM_ERROR @ 1510: uvm_test_top.tb.cache.lowX_agent.sequencer [uvm_test_top.tb.cache.lowX_agent.sequencer] Get_next_item called twice without item_done or get in between
UVM_INFO ../sv/cache_driver.sv(63) @ 1510: uvm_test_top.tb.cache.lowX_agent.driver [c2m_driver] LowX request received
UVM_INFO ../sv/cache_driver.sv(31) @ 1570: uvm_test_top.tb.cache.core_agent.driver [c2c_driver] Cache response received
UVM_INFO ../sv/cache_monitor.sv(33) @ 1590: uvm_test_top.tb.cache.core_agent.monitor [c2c_monitor] Cache response captured
UVM_INFO ../sv/cache_driver.sv(31) @ 1590: uvm_test_top.tb.cache.core_agent.driver [c2c_driver] Cache response received
UVM_ERROR @ 1630: uvm_test_top.tb.cache.lowX_agent.sequencer [uvm_test_top.tb.cache.lowX_agent.sequencer] Get_next_item called twice without item_done or get in between
UVM_ERROR @ 1650: uvm_test_top.tb.cache.lowX_agent.sequencer [uvm_test_top.tb.cache.lowX_agent.sequencer] Get_next_item called twice without item_done or get in between
UVM_INFO ../sv/cache_driver.sv(63) @ 1650: uvm_test_top.tb.cache.lowX_agent.driver [c2m_driver] LowX request received
UVM_INFO ../sv/cache_driver.sv(31) @ 1790: uvm_test_top.tb.cache.core_agent.driver [c2c_driver] Cache response received
UVM_INFO ../sv/cache_monitor.sv(33) @ 1810: uvm_test_top.tb.cache.core_agent.monitor [c2c_monitor] Cache response captured
UVM_ERROR @ 1850: uvm_test_top.tb.cache.lowX_agent.sequencer [uvm_test_top.tb.cache.lowX_agent.sequencer] Get_next_item called twice without item_done or get in between
UVM_ERROR @ 1870: uvm_test_top.tb.cache.lowX_agent.sequencer [uvm_test_top.tb.cache.lowX_agent.sequencer] Get_next_item called twice without item_done or get in between
UVM_ERROR @ 1890: uvm_test_top.tb.cache.lowX_agent.sequencer [uvm_test_top.tb.cache.lowX_agent.sequencer] Get_next_item called twice without item_done or get in between
UVM_ERROR @ 1910: uvm_test_top.tb.cache.lowX_agent.sequencer [uvm_test_top.tb.cache.lowX_agent.sequencer] Get_next_item called twice without item_done or get in between
UVM_ERROR @ 1930: uvm_test_top.tb.cache.lowX_agent.sequencer [uvm_test_top.tb.cache.lowX_agent.sequencer] Get_next_item called twice without item_done or get in between
UVM_ERROR @ 1950: uvm_test_top.tb.cache.lowX_agent.sequencer [uvm_test_top.tb.cache.lowX_agent.sequencer] Get_next_item called twice without item_done or get in between
UVM_ERROR @ 1970: uvm_test_top.tb.cache.lowX_agent.sequencer [uvm_test_top.tb.cache.lowX_agent.sequencer] Get_next_item called twice without item_done or get in between
UVM_ERROR @ 1990: uvm_test_top.tb.cache.lowX_agent.sequencer [uvm_test_top.tb.cache.lowX_agent.sequencer] Get_next_item called twice without item_done or get in between
UVM_ERROR @ 2010: uvm_test_top.tb.cache.lowX_agent.sequencer [uvm_test_top.tb.cache.lowX_agent.sequencer] Get_next_item called twice without item_done or get in between
UVM_ERROR @ 2030: uvm_test_top.tb.cache.lowX_agent.sequencer [uvm_test_top.tb.cache.lowX_agent.sequencer] Get_next_item called twice without item_done or get in between
UVM_ERROR @ 2050: uvm_test_top.tb.cache.lowX_agent.sequencer [uvm_test_top.tb.cache.lowX_agent.sequencer] Get_next_item called twice without item_done or get in between
UVM_ERROR @ 2070: uvm_test_top.tb.cache.lowX_agent.sequencer [uvm_test_top.tb.cache.lowX_agent.sequencer] Get_next_item called twice without item_done or get in between
UVM_ERROR @ 2090: uvm_test_top.tb.cache.lowX_agent.sequencer [uvm_test_top.tb.cache.lowX_agent.sequencer] Get_next_item called twice without item_done or get in between
UVM_ERROR @ 2110: uvm_test_top.tb.cache.lowX_agent.sequencer [uvm_test_top.tb.cache.lowX_agent.sequencer] Get_next_item called twice without item_done or get in between
UVM_ERROR @ 2130: uvm_test_top.tb.cache.lowX_agent.sequencer [uvm_test_top.tb.cache.lowX_agent.sequencer] Get_next_item called twice without item_done or get in between
UVM_ERROR @ 2150: uvm_test_top.tb.cache.lowX_agent.sequencer [uvm_test_top.tb.cache.lowX_agent.sequencer] Get_next_item called twice without item_done or get in between
UVM_ERROR @ 2170: uvm_test_top.tb.cache.lowX_agent.sequencer [uvm_test_top.tb.cache.lowX_agent.sequencer] Get_next_item called twice without item_done or get in between
UVM_ERROR @ 2190: uvm_test_top.tb.cache.lowX_agent.sequencer [uvm_test_top.tb.cache.lowX_agent.sequencer] Get_next_item called twice without item_done or get in between
UVM_ERROR @ 2210: uvm_test_top.tb.cache.lowX_agent.sequencer [uvm_test_top.tb.cache.lowX_agent.sequencer] Get_next_item called twice without item_done or get in between
UVM_ERROR @ 2230: uvm_test_top.tb.cache.lowX_agent.sequencer [uvm_test_top.tb.cache.lowX_agent.sequencer] Get_next_item called twice without item_done or get in between
UVM_ERROR @ 2250: uvm_test_top.tb.cache.lowX_agent.sequencer [uvm_test_top.tb.cache.lowX_agent.sequencer] Get_next_item called twice without item_done or get in between
UVM_ERROR @ 2270: uvm_test_top.tb.cache.lowX_agent.sequencer [uvm_test_top.tb.cache.lowX_agent.sequencer] Get_next_item called twice without item_done or get in between
UVM_ERROR @ 2290: uvm_test_top.tb.cache.lowX_agent.sequencer [uvm_test_top.tb.cache.lowX_agent.sequencer] Get_next_item called twice without item_done or get in between
UVM_ERROR @ 2310: uvm_test_top.tb.cache.lowX_agent.sequencer [uvm_test_top.tb.cache.lowX_agent.sequencer] Get_next_item called twice without item_done or get in between
UVM_ERROR @ 2330: uvm_test_top.tb.cache.lowX_agent.sequencer [uvm_test_top.tb.cache.lowX_agent.sequencer] Get_next_item called twice without item_done or get in between
UVM_ERROR @ 2350: uvm_test_top.tb.cache.lowX_agent.sequencer [uvm_test_top.tb.cache.lowX_agent.sequencer] Get_next_item called twice without item_done or get in between
UVM_ERROR @ 2370: uvm_test_top.tb.cache.lowX_agent.sequencer [uvm_test_top.tb.cache.lowX_agent.sequencer] Get_next_item called twice without item_done or get in between
UVM_ERROR @ 2390: uvm_test_top.tb.cache.lowX_agent.sequencer [uvm_test_top.tb.cache.lowX_agent.sequencer] Get_next_item called twice without item_done or get in between
UVM_ERROR @ 2410: uvm_test_top.tb.cache.lowX_agent.sequencer [uvm_test_top.tb.cache.lowX_agent.sequencer] Get_next_item called twice without item_done or get in between
UVM_ERROR @ 2430: uvm_test_top.tb.cache.lowX_agent.sequencer [uvm_test_top.tb.cache.lowX_agent.sequencer] Get_next_item called twice without item_done or get in between
UVM_ERROR @ 2450: uvm_test_top.tb.cache.lowX_agent.sequencer [uvm_test_top.tb.cache.lowX_agent.sequencer] Get_next_item called twice without item_done or get in between
UVM_ERROR @ 2470: uvm_test_top.tb.cache.lowX_agent.sequencer [uvm_test_top.tb.cache.lowX_agent.sequencer] Get_next_item called twice without item_done or get in between
UVM_ERROR @ 2490: uvm_test_top.tb.cache.lowX_agent.sequencer [uvm_test_top.tb.cache.lowX_agent.sequencer] Get_next_item called twice without item_done or get in between
UVM_ERROR @ 2510: uvm_test_top.tb.cache.lowX_agent.sequencer [uvm_test_top.tb.cache.lowX_agent.sequencer] Get_next_item called twice without item_done or get in between
UVM_ERROR @ 2530: uvm_test_top.tb.cache.lowX_agent.sequencer [uvm_test_top.tb.cache.lowX_agent.sequencer] Get_next_item called twice without item_done or get in between
UVM_ERROR @ 2550: uvm_test_top.tb.cache.lowX_agent.sequencer [uvm_test_top.tb.cache.lowX_agent.sequencer] Get_next_item called twice without item_done or get in between
UVM_ERROR @ 2570: uvm_test_top.tb.cache.lowX_agent.sequencer [uvm_test_top.tb.cache.lowX_agent.sequencer] Get_next_item called twice without item_done or get in between
UVM_ERROR @ 2590: uvm_test_top.tb.cache.lowX_agent.sequencer [uvm_test_top.tb.cache.lowX_agent.sequencer] Get_next_item called twice without item_done or get in between
UVM_ERROR @ 2610: uvm_test_top.tb.cache.lowX_agent.sequencer [uvm_test_top.tb.cache.lowX_agent.sequencer] Get_next_item called twice without item_done or get in between
UVM_ERROR @ 2630: uvm_test_top.tb.cache.lowX_agent.sequencer [uvm_test_top.tb.cache.lowX_agent.sequencer] Get_next_item called twice without item_done or get in between
UVM_ERROR @ 2650: uvm_test_top.tb.cache.lowX_agent.sequencer [uvm_test_top.tb.cache.lowX_agent.sequencer] Get_next_item called twice without item_done or get in between
UVM_ERROR @ 2670: uvm_test_top.tb.cache.lowX_agent.sequencer [uvm_test_top.tb.cache.lowX_agent.sequencer] Get_next_item called twice without item_done or get in between
UVM_ERROR @ 2690: uvm_test_top.tb.cache.lowX_agent.sequencer [uvm_test_top.tb.cache.lowX_agent.sequencer] Get_next_item called twice without item_done or get in between
UVM_ERROR @ 2710: uvm_test_top.tb.cache.lowX_agent.sequencer [uvm_test_top.tb.cache.lowX_agent.sequencer] Get_next_item called twice without item_done or get in between
UVM_ERROR @ 2730: uvm_test_top.tb.cache.lowX_agent.sequencer [uvm_test_top.tb.cache.lowX_agent.sequencer] Get_next_item called twice without item_done or get in between
UVM_ERROR @ 2750: uvm_test_top.tb.cache.lowX_agent.sequencer [uvm_test_top.tb.cache.lowX_agent.sequencer] Get_next_item called twice without item_done or get in between
UVM_ERROR @ 2770: uvm_test_top.tb.cache.lowX_agent.sequencer [uvm_test_top.tb.cache.lowX_agent.sequencer] Get_next_item called twice without item_done or get in between
UVM_ERROR @ 2790: uvm_test_top.tb.cache.lowX_agent.sequencer [uvm_test_top.tb.cache.lowX_agent.sequencer] Get_next_item called twice without item_done or get in between
UVM_ERROR @ 2810: uvm_test_top.tb.cache.lowX_agent.sequencer [uvm_test_top.tb.cache.lowX_agent.sequencer] Get_next_item called twice without item_done or get in between
UVM_ERROR @ 2830: uvm_test_top.tb.cache.lowX_agent.sequencer [uvm_test_top.tb.cache.lowX_agent.sequencer] Get_next_item called twice without item_done or get in between
UVM_ERROR @ 2850: uvm_test_top.tb.cache.lowX_agent.sequencer [uvm_test_top.tb.cache.lowX_agent.sequencer] Get_next_item called twice without item_done or get in between
UVM_ERROR @ 2870: uvm_test_top.tb.cache.lowX_agent.sequencer [uvm_test_top.tb.cache.lowX_agent.sequencer] Get_next_item called twice without item_done or get in between
UVM_ERROR @ 2890: uvm_test_top.tb.cache.lowX_agent.sequencer [uvm_test_top.tb.cache.lowX_agent.sequencer] Get_next_item called twice without item_done or get in between
UVM_ERROR @ 2910: uvm_test_top.tb.cache.lowX_agent.sequencer [uvm_test_top.tb.cache.lowX_agent.sequencer] Get_next_item called twice without item_done or get in between
UVM_ERROR @ 2930: uvm_test_top.tb.cache.lowX_agent.sequencer [uvm_test_top.tb.cache.lowX_agent.sequencer] Get_next_item called twice without item_done or get in between
UVM_ERROR @ 2950: uvm_test_top.tb.cache.lowX_agent.sequencer [uvm_test_top.tb.cache.lowX_agent.sequencer] Get_next_item called twice without item_done or get in between
UVM_ERROR @ 2970: uvm_test_top.tb.cache.lowX_agent.sequencer [uvm_test_top.tb.cache.lowX_agent.sequencer] Get_next_item called twice without item_done or get in between
UVM_ERROR @ 2990: uvm_test_top.tb.cache.lowX_agent.sequencer [uvm_test_top.tb.cache.lowX_agent.sequencer] Get_next_item called twice without item_done or get in between
UVM_ERROR @ 3010: uvm_test_top.tb.cache.lowX_agent.sequencer [uvm_test_top.tb.cache.lowX_agent.sequencer] Get_next_item called twice without item_done or get in between
UVM_ERROR @ 3030: uvm_test_top.tb.cache.lowX_agent.sequencer [uvm_test_top.tb.cache.lowX_agent.sequencer] Get_next_item called twice without item_done or get in between
UVM_ERROR @ 3050: uvm_test_top.tb.cache.lowX_agent.sequencer [uvm_test_top.tb.cache.lowX_agent.sequencer] Get_next_item called twice without item_done or get in between
UVM_ERROR @ 3070: uvm_test_top.tb.cache.lowX_agent.sequencer [uvm_test_top.tb.cache.lowX_agent.sequencer] Get_next_item called twice without item_done or get in between
UVM_ERROR @ 3090: uvm_test_top.tb.cache.lowX_agent.sequencer [uvm_test_top.tb.cache.lowX_agent.sequencer] Get_next_item called twice without item_done or get in between
UVM_ERROR @ 3110: uvm_test_top.tb.cache.lowX_agent.sequencer [uvm_test_top.tb.cache.lowX_agent.sequencer] Get_next_item called twice without item_done or get in between
UVM_ERROR @ 3130: uvm_test_top.tb.cache.lowX_agent.sequencer [uvm_test_top.tb.cache.lowX_agent.sequencer] Get_next_item called twice without item_done or get in between
UVM_ERROR @ 3150: uvm_test_top.tb.cache.lowX_agent.sequencer [uvm_test_top.tb.cache.lowX_agent.sequencer] Get_next_item called twice without item_done or get in between
UVM_ERROR @ 3170: uvm_test_top.tb.cache.lowX_agent.sequencer [uvm_test_top.tb.cache.lowX_agent.sequencer] Get_next_item called twice without item_done or get in between
UVM_ERROR @ 3190: uvm_test_top.tb.cache.lowX_agent.sequencer [uvm_test_top.tb.cache.lowX_agent.sequencer] Get_next_item called twice without item_done or get in between
UVM_ERROR @ 3210: uvm_test_top.tb.cache.lowX_agent.sequencer [uvm_test_top.tb.cache.lowX_agent.sequencer] Get_next_item called twice without item_done or get in between
UVM_ERROR @ 3230: uvm_test_top.tb.cache.lowX_agent.sequencer [uvm_test_top.tb.cache.lowX_agent.sequencer] Get_next_item called twice without item_done or get in between
UVM_ERROR @ 3250: uvm_test_top.tb.cache.lowX_agent.sequencer [uvm_test_top.tb.cache.lowX_agent.sequencer] Get_next_item called twice without item_done or get in between
UVM_ERROR @ 3270: uvm_test_top.tb.cache.lowX_agent.sequencer [uvm_test_top.tb.cache.lowX_agent.sequencer] Get_next_item called twice without item_done or get in between
UVM_ERROR @ 3290: uvm_test_top.tb.cache.lowX_agent.sequencer [uvm_test_top.tb.cache.lowX_agent.sequencer] Get_next_item called twice without item_done or get in between
UVM_ERROR @ 3310: uvm_test_top.tb.cache.lowX_agent.sequencer [uvm_test_top.tb.cache.lowX_agent.sequencer] Get_next_item called twice without item_done or get in between
UVM_ERROR @ 3330: uvm_test_top.tb.cache.lowX_agent.sequencer [uvm_test_top.tb.cache.lowX_agent.sequencer] Get_next_item called twice without item_done or get in between
UVM_ERROR @ 3350: uvm_test_top.tb.cache.lowX_agent.sequencer [uvm_test_top.tb.cache.lowX_agent.sequencer] Get_next_item called twice without item_done or get in between
UVM_ERROR @ 3370: uvm_test_top.tb.cache.lowX_agent.sequencer [uvm_test_top.tb.cache.lowX_agent.sequencer] Get_next_item called twice without item_done or get in between
UVM_ERROR @ 3390: uvm_test_top.tb.cache.lowX_agent.sequencer [uvm_test_top.tb.cache.lowX_agent.sequencer] Get_next_item called twice without item_done or get in between
UVM_ERROR @ 3410: uvm_test_top.tb.cache.lowX_agent.sequencer [uvm_test_top.tb.cache.lowX_agent.sequencer] Get_next_item called twice without item_done or get in between
UVM_ERROR @ 3430: uvm_test_top.tb.cache.lowX_agent.sequencer [uvm_test_top.tb.cache.lowX_agent.sequencer] Get_next_item called twice without item_done or get in between
UVM_ERROR @ 3450: uvm_test_top.tb.cache.lowX_agent.sequencer [uvm_test_top.tb.cache.lowX_agent.sequencer] Get_next_item called twice without item_done or get in between
UVM_ERROR @ 3470: uvm_test_top.tb.cache.lowX_agent.sequencer [uvm_test_top.tb.cache.lowX_agent.sequencer] Get_next_item called twice without item_done or get in between
UVM_ERROR @ 3490: uvm_test_top.tb.cache.lowX_agent.sequencer [uvm_test_top.tb.cache.lowX_agent.sequencer] Get_next_item called twice without item_done or get in between
UVM_ERROR @ 3510: uvm_test_top.tb.cache.lowX_agent.sequencer [uvm_test_top.tb.cache.lowX_agent.sequencer] Get_next_item called twice without item_done or get in between
UVM_ERROR @ 3530: uvm_test_top.tb.cache.lowX_agent.sequencer [uvm_test_top.tb.cache.lowX_agent.sequencer] Get_next_item called twice without item_done or get in between
UVM_ERROR @ 3550: uvm_test_top.tb.cache.lowX_agent.sequencer [uvm_test_top.tb.cache.lowX_agent.sequencer] Get_next_item called twice without item_done or get in between
UVM_ERROR @ 3570: uvm_test_top.tb.cache.lowX_agent.sequencer [uvm_test_top.tb.cache.lowX_agent.sequencer] Get_next_item called twice without item_done or get in between
UVM_ERROR @ 3590: uvm_test_top.tb.cache.lowX_agent.sequencer [uvm_test_top.tb.cache.lowX_agent.sequencer] Get_next_item called twice without item_done or get in between
UVM_ERROR @ 3610: uvm_test_top.tb.cache.lowX_agent.sequencer [uvm_test_top.tb.cache.lowX_agent.sequencer] Get_next_item called twice without item_done or get in between
UVM_ERROR @ 3630: uvm_test_top.tb.cache.lowX_agent.sequencer [uvm_test_top.tb.cache.lowX_agent.sequencer] Get_next_item called twice without item_done or get in between
UVM_ERROR @ 3650: uvm_test_top.tb.cache.lowX_agent.sequencer [uvm_test_top.tb.cache.lowX_agent.sequencer] Get_next_item called twice without item_done or get in between
UVM_ERROR @ 3670: uvm_test_top.tb.cache.lowX_agent.sequencer [uvm_test_top.tb.cache.lowX_agent.sequencer] Get_next_item called twice without item_done or get in between
UVM_ERROR @ 3690: uvm_test_top.tb.cache.lowX_agent.sequencer [uvm_test_top.tb.cache.lowX_agent.sequencer] Get_next_item called twice without item_done or get in between
UVM_ERROR @ 3710: uvm_test_top.tb.cache.lowX_agent.sequencer [uvm_test_top.tb.cache.lowX_agent.sequencer] Get_next_item called twice without item_done or get in between
UVM_ERROR @ 3730: uvm_test_top.tb.cache.lowX_agent.sequencer [uvm_test_top.tb.cache.lowX_agent.sequencer] Get_next_item called twice without item_done or get in between
UVM_ERROR @ 3750: uvm_test_top.tb.cache.lowX_agent.sequencer [uvm_test_top.tb.cache.lowX_agent.sequencer] Get_next_item called twice without item_done or get in between
UVM_ERROR @ 3770: uvm_test_top.tb.cache.lowX_agent.sequencer [uvm_test_top.tb.cache.lowX_agent.sequencer] Get_next_item called twice without item_done or get in between
UVM_ERROR @ 3790: uvm_test_top.tb.cache.lowX_agent.sequencer [uvm_test_top.tb.cache.lowX_agent.sequencer] Get_next_item called twice without item_done or get in between
UVM_ERROR @ 3810: uvm_test_top.tb.cache.lowX_agent.sequencer [uvm_test_top.tb.cache.lowX_agent.sequencer] Get_next_item called twice without item_done or get in between
UVM_ERROR @ 3830: uvm_test_top.tb.cache.lowX_agent.sequencer [uvm_test_top.tb.cache.lowX_agent.sequencer] Get_next_item called twice without item_done or get in between
UVM_ERROR @ 3850: uvm_test_top.tb.cache.lowX_agent.sequencer [uvm_test_top.tb.cache.lowX_agent.sequencer] Get_next_item called twice without item_done or get in between
UVM_ERROR @ 3870: uvm_test_top.tb.cache.lowX_agent.sequencer [uvm_test_top.tb.cache.lowX_agent.sequencer] Get_next_item called twice without item_done or get in between
UVM_ERROR @ 3890: uvm_test_top.tb.cache.lowX_agent.sequencer [uvm_test_top.tb.cache.lowX_agent.sequencer] Get_next_item called twice without item_done or get in between
UVM_ERROR @ 3910: uvm_test_top.tb.cache.lowX_agent.sequencer [uvm_test_top.tb.cache.lowX_agent.sequencer] Get_next_item called twice without item_done or get in between
UVM_ERROR @ 3930: uvm_test_top.tb.cache.lowX_agent.sequencer [uvm_test_top.tb.cache.lowX_agent.sequencer] Get_next_item called twice without item_done or get in between
UVM_ERROR @ 3950: uvm_test_top.tb.cache.lowX_agent.sequencer [uvm_test_top.tb.cache.lowX_agent.sequencer] Get_next_item called twice without item_done or get in between
UVM_ERROR @ 3970: uvm_test_top.tb.cache.lowX_agent.sequencer [uvm_test_top.tb.cache.lowX_agent.sequencer] Get_next_item called twice without item_done or get in between
UVM_ERROR @ 3990: uvm_test_top.tb.cache.lowX_agent.sequencer [uvm_test_top.tb.cache.lowX_agent.sequencer] Get_next_item called twice without item_done or get in between
UVM_ERROR @ 4010: uvm_test_top.tb.cache.lowX_agent.sequencer [uvm_test_top.tb.cache.lowX_agent.sequencer] Get_next_item called twice without item_done or get in between
UVM_ERROR @ 4030: uvm_test_top.tb.cache.lowX_agent.sequencer [uvm_test_top.tb.cache.lowX_agent.sequencer] Get_next_item called twice without item_done or get in between
UVM_ERROR @ 4050: uvm_test_top.tb.cache.lowX_agent.sequencer [uvm_test_top.tb.cache.lowX_agent.sequencer] Get_next_item called twice without item_done or get in between
UVM_ERROR @ 4070: uvm_test_top.tb.cache.lowX_agent.sequencer [uvm_test_top.tb.cache.lowX_agent.sequencer] Get_next_item called twice without item_done or get in between
UVM_ERROR @ 4090: uvm_test_top.tb.cache.lowX_agent.sequencer [uvm_test_top.tb.cache.lowX_agent.sequencer] Get_next_item called twice without item_done or get in between
UVM_ERROR @ 4110: uvm_test_top.tb.cache.lowX_agent.sequencer [uvm_test_top.tb.cache.lowX_agent.sequencer] Get_next_item called twice without item_done or get in between
UVM_ERROR @ 4130: uvm_test_top.tb.cache.lowX_agent.sequencer [uvm_test_top.tb.cache.lowX_agent.sequencer] Get_next_item called twice without item_done or get in between
UVM_ERROR @ 4150: uvm_test_top.tb.cache.lowX_agent.sequencer [uvm_test_top.tb.cache.lowX_agent.sequencer] Get_next_item called twice without item_done or get in between
UVM_ERROR @ 4170: uvm_test_top.tb.cache.lowX_agent.sequencer [uvm_test_top.tb.cache.lowX_agent.sequencer] Get_next_item called twice without item_done or get in between
UVM_ERROR @ 4190: uvm_test_top.tb.cache.lowX_agent.sequencer [uvm_test_top.tb.cache.lowX_agent.sequencer] Get_next_item called twice without item_done or get in between
UVM_ERROR @ 4210: uvm_test_top.tb.cache.lowX_agent.sequencer [uvm_test_top.tb.cache.lowX_agent.sequencer] Get_next_item called twice without item_done or get in between
UVM_ERROR @ 4230: uvm_test_top.tb.cache.lowX_agent.sequencer [uvm_test_top.tb.cache.lowX_agent.sequencer] Get_next_item called twice without item_done or get in between
UVM_ERROR @ 4250: uvm_test_top.tb.cache.lowX_agent.sequencer [uvm_test_top.tb.cache.lowX_agent.sequencer] Get_next_item called twice without item_done or get in between
UVM_ERROR @ 4270: uvm_test_top.tb.cache.lowX_agent.sequencer [uvm_test_top.tb.cache.lowX_agent.sequencer] Get_next_item called twice without item_done or get in between
UVM_ERROR @ 4290: uvm_test_top.tb.cache.lowX_agent.sequencer [uvm_test_top.tb.cache.lowX_agent.sequencer] Get_next_item called twice without item_done or get in between
UVM_ERROR @ 4310: uvm_test_top.tb.cache.lowX_agent.sequencer [uvm_test_top.tb.cache.lowX_agent.sequencer] Get_next_item called twice without item_done or get in between
UVM_ERROR @ 4330: uvm_test_top.tb.cache.lowX_agent.sequencer [uvm_test_top.tb.cache.lowX_agent.sequencer] Get_next_item called twice without item_done or get in between
UVM_ERROR @ 4350: uvm_test_top.tb.cache.lowX_agent.sequencer [uvm_test_top.tb.cache.lowX_agent.sequencer] Get_next_item called twice without item_done or get in between
UVM_ERROR @ 4370: uvm_test_top.tb.cache.lowX_agent.sequencer [uvm_test_top.tb.cache.lowX_agent.sequencer] Get_next_item called twice without item_done or get in between
UVM_ERROR @ 4390: uvm_test_top.tb.cache.lowX_agent.sequencer [uvm_test_top.tb.cache.lowX_agent.sequencer] Get_next_item called twice without item_done or get in between
UVM_ERROR @ 4410: uvm_test_top.tb.cache.lowX_agent.sequencer [uvm_test_top.tb.cache.lowX_agent.sequencer] Get_next_item called twice without item_done or get in between
UVM_ERROR @ 4430: uvm_test_top.tb.cache.lowX_agent.sequencer [uvm_test_top.tb.cache.lowX_agent.sequencer] Get_next_item called twice without item_done or get in between
UVM_ERROR @ 4450: uvm_test_top.tb.cache.lowX_agent.sequencer [uvm_test_top.tb.cache.lowX_agent.sequencer] Get_next_item called twice without item_done or get in between
UVM_ERROR @ 4470: uvm_test_top.tb.cache.lowX_agent.sequencer [uvm_test_top.tb.cache.lowX_agent.sequencer] Get_next_item called twice without item_done or get in between
UVM_ERROR @ 4490: uvm_test_top.tb.cache.lowX_agent.sequencer [uvm_test_top.tb.cache.lowX_agent.sequencer] Get_next_item called twice without item_done or get in between
UVM_ERROR @ 4510: uvm_test_top.tb.cache.lowX_agent.sequencer [uvm_test_top.tb.cache.lowX_agent.sequencer] Get_next_item called twice without item_done or get in between
UVM_ERROR @ 4530: uvm_test_top.tb.cache.lowX_agent.sequencer [uvm_test_top.tb.cache.lowX_agent.sequencer] Get_next_item called twice without item_done or get in between
UVM_ERROR @ 4550: uvm_test_top.tb.cache.lowX_agent.sequencer [uvm_test_top.tb.cache.lowX_agent.sequencer] Get_next_item called twice without item_done or get in between
UVM_ERROR @ 4570: uvm_test_top.tb.cache.lowX_agent.sequencer [uvm_test_top.tb.cache.lowX_agent.sequencer] Get_next_item called twice without item_done or get in between
UVM_ERROR @ 4590: uvm_test_top.tb.cache.lowX_agent.sequencer [uvm_test_top.tb.cache.lowX_agent.sequencer] Get_next_item called twice without item_done or get in between
UVM_ERROR @ 4610: uvm_test_top.tb.cache.lowX_agent.sequencer [uvm_test_top.tb.cache.lowX_agent.sequencer] Get_next_item called twice without item_done or get in between
UVM_ERROR @ 4630: uvm_test_top.tb.cache.lowX_agent.sequencer [uvm_test_top.tb.cache.lowX_agent.sequencer] Get_next_item called twice without item_done or get in between
UVM_ERROR @ 4650: uvm_test_top.tb.cache.lowX_agent.sequencer [uvm_test_top.tb.cache.lowX_agent.sequencer] Get_next_item called twice without item_done or get in between
UVM_ERROR @ 4670: uvm_test_top.tb.cache.lowX_agent.sequencer [uvm_test_top.tb.cache.lowX_agent.sequencer] Get_next_item called twice without item_done or get in between
UVM_ERROR @ 4690: uvm_test_top.tb.cache.lowX_agent.sequencer [uvm_test_top.tb.cache.lowX_agent.sequencer] Get_next_item called twice without item_done or get in between
UVM_ERROR @ 4710: uvm_test_top.tb.cache.lowX_agent.sequencer [uvm_test_top.tb.cache.lowX_agent.sequencer] Get_next_item called twice without item_done or get in between
UVM_ERROR @ 4730: uvm_test_top.tb.cache.lowX_agent.sequencer [uvm_test_top.tb.cache.lowX_agent.sequencer] Get_next_item called twice without item_done or get in between
UVM_ERROR @ 4750: uvm_test_top.tb.cache.lowX_agent.sequencer [uvm_test_top.tb.cache.lowX_agent.sequencer] Get_next_item called twice without item_done or get in between
UVM_ERROR @ 4770: uvm_test_top.tb.cache.lowX_agent.sequencer [uvm_test_top.tb.cache.lowX_agent.sequencer] Get_next_item called twice without item_done or get in between
UVM_ERROR @ 4790: uvm_test_top.tb.cache.lowX_agent.sequencer [uvm_test_top.tb.cache.lowX_agent.sequencer] Get_next_item called twice without item_done or get in between
UVM_ERROR @ 4810: uvm_test_top.tb.cache.lowX_agent.sequencer [uvm_test_top.tb.cache.lowX_agent.sequencer] Get_next_item called twice without item_done or get in between
UVM_ERROR @ 4830: uvm_test_top.tb.cache.lowX_agent.sequencer [uvm_test_top.tb.cache.lowX_agent.sequencer] Get_next_item called twice without item_done or get in between
UVM_ERROR @ 4850: uvm_test_top.tb.cache.lowX_agent.sequencer [uvm_test_top.tb.cache.lowX_agent.sequencer] Get_next_item called twice without item_done or get in between
UVM_ERROR @ 4870: uvm_test_top.tb.cache.lowX_agent.sequencer [uvm_test_top.tb.cache.lowX_agent.sequencer] Get_next_item called twice without item_done or get in between
UVM_ERROR @ 4890: uvm_test_top.tb.cache.lowX_agent.sequencer [uvm_test_top.tb.cache.lowX_agent.sequencer] Get_next_item called twice without item_done or get in between
UVM_ERROR @ 4910: uvm_test_top.tb.cache.lowX_agent.sequencer [uvm_test_top.tb.cache.lowX_agent.sequencer] Get_next_item called twice without item_done or get in between
UVM_ERROR @ 4930: uvm_test_top.tb.cache.lowX_agent.sequencer [uvm_test_top.tb.cache.lowX_agent.sequencer] Get_next_item called twice without item_done or get in between
UVM_ERROR @ 4950: uvm_test_top.tb.cache.lowX_agent.sequencer [uvm_test_top.tb.cache.lowX_agent.sequencer] Get_next_item called twice without item_done or get in between
UVM_ERROR @ 4970: uvm_test_top.tb.cache.lowX_agent.sequencer [uvm_test_top.tb.cache.lowX_agent.sequencer] Get_next_item called twice without item_done or get in between
UVM_ERROR @ 4990: uvm_test_top.tb.cache.lowX_agent.sequencer [uvm_test_top.tb.cache.lowX_agent.sequencer] Get_next_item called twice without item_done or get in between
UVM_ERROR @ 5010: uvm_test_top.tb.cache.lowX_agent.sequencer [uvm_test_top.tb.cache.lowX_agent.sequencer] Get_next_item called twice without item_done or get in between
UVM_ERROR @ 5030: uvm_test_top.tb.cache.lowX_agent.sequencer [uvm_test_top.tb.cache.lowX_agent.sequencer] Get_next_item called twice without item_done or get in between
UVM_ERROR @ 5050: uvm_test_top.tb.cache.lowX_agent.sequencer [uvm_test_top.tb.cache.lowX_agent.sequencer] Get_next_item called twice without item_done or get in between
UVM_ERROR @ 5070: uvm_test_top.tb.cache.lowX_agent.sequencer [uvm_test_top.tb.cache.lowX_agent.sequencer] Get_next_item called twice without item_done or get in between
UVM_ERROR @ 5090: uvm_test_top.tb.cache.lowX_agent.sequencer [uvm_test_top.tb.cache.lowX_agent.sequencer] Get_next_item called twice without item_done or get in between
UVM_ERROR @ 5110: uvm_test_top.tb.cache.lowX_agent.sequencer [uvm_test_top.tb.cache.lowX_agent.sequencer] Get_next_item called twice without item_done or get in between
UVM_ERROR @ 5130: uvm_test_top.tb.cache.lowX_agent.sequencer [uvm_test_top.tb.cache.lowX_agent.sequencer] Get_next_item called twice without item_done or get in between
UVM_ERROR @ 5150: uvm_test_top.tb.cache.lowX_agent.sequencer [uvm_test_top.tb.cache.lowX_agent.sequencer] Get_next_item called twice without item_done or get in between
UVM_ERROR @ 5170: uvm_test_top.tb.cache.lowX_agent.sequencer [uvm_test_top.tb.cache.lowX_agent.sequencer] Get_next_item called twice without item_done or get in between
UVM_ERROR @ 5190: uvm_test_top.tb.cache.lowX_agent.sequencer [uvm_test_top.tb.cache.lowX_agent.sequencer] Get_next_item called twice without item_done or get in between
UVM_ERROR @ 5210: uvm_test_top.tb.cache.lowX_agent.sequencer [uvm_test_top.tb.cache.lowX_agent.sequencer] Get_next_item called twice without item_done or get in between
UVM_ERROR @ 5230: uvm_test_top.tb.cache.lowX_agent.sequencer [uvm_test_top.tb.cache.lowX_agent.sequencer] Get_next_item called twice without item_done or get in between
UVM_ERROR @ 5250: uvm_test_top.tb.cache.lowX_agent.sequencer [uvm_test_top.tb.cache.lowX_agent.sequencer] Get_next_item called twice without item_done or get in between
UVM_ERROR @ 5270: uvm_test_top.tb.cache.lowX_agent.sequencer [uvm_test_top.tb.cache.lowX_agent.sequencer] Get_next_item called twice without item_done or get in between
UVM_ERROR @ 5290: uvm_test_top.tb.cache.lowX_agent.sequencer [uvm_test_top.tb.cache.lowX_agent.sequencer] Get_next_item called twice without item_done or get in between
UVM_ERROR @ 5310: uvm_test_top.tb.cache.lowX_agent.sequencer [uvm_test_top.tb.cache.lowX_agent.sequencer] Get_next_item called twice without item_done or get in between
UVM_ERROR @ 5330: uvm_test_top.tb.cache.lowX_agent.sequencer [uvm_test_top.tb.cache.lowX_agent.sequencer] Get_next_item called twice without item_done or get in between
UVM_ERROR @ 5350: uvm_test_top.tb.cache.lowX_agent.sequencer [uvm_test_top.tb.cache.lowX_agent.sequencer] Get_next_item called twice without item_done or get in between
UVM_ERROR @ 5370: uvm_test_top.tb.cache.lowX_agent.sequencer [uvm_test_top.tb.cache.lowX_agent.sequencer] Get_next_item called twice without item_done or get in between
UVM_ERROR @ 5390: uvm_test_top.tb.cache.lowX_agent.sequencer [uvm_test_top.tb.cache.lowX_agent.sequencer] Get_next_item called twice without item_done or get in between
UVM_ERROR @ 5410: uvm_test_top.tb.cache.lowX_agent.sequencer [uvm_test_top.tb.cache.lowX_agent.sequencer] Get_next_item called twice without item_done or get in between
UVM_ERROR @ 5430: uvm_test_top.tb.cache.lowX_agent.sequencer [uvm_test_top.tb.cache.lowX_agent.sequencer] Get_next_item called twice without item_done or get in between
UVM_ERROR @ 5450: uvm_test_top.tb.cache.lowX_agent.sequencer [uvm_test_top.tb.cache.lowX_agent.sequencer] Get_next_item called twice without item_done or get in between
UVM_ERROR @ 5470: uvm_test_top.tb.cache.lowX_agent.sequencer [uvm_test_top.tb.cache.lowX_agent.sequencer] Get_next_item called twice without item_done or get in between
UVM_ERROR @ 5490: uvm_test_top.tb.cache.lowX_agent.sequencer [uvm_test_top.tb.cache.lowX_agent.sequencer] Get_next_item called twice without item_done or get in between
UVM_ERROR @ 5510: uvm_test_top.tb.cache.lowX_agent.sequencer [uvm_test_top.tb.cache.lowX_agent.sequencer] Get_next_item called twice without item_done or get in between
UVM_ERROR @ 5530: uvm_test_top.tb.cache.lowX_agent.sequencer [uvm_test_top.tb.cache.lowX_agent.sequencer] Get_next_item called twice without item_done or get in between
UVM_ERROR @ 5550: uvm_test_top.tb.cache.lowX_agent.sequencer [uvm_test_top.tb.cache.lowX_agent.sequencer] Get_next_item called twice without item_done or get in between
UVM_ERROR @ 5570: uvm_test_top.tb.cache.lowX_agent.sequencer [uvm_test_top.tb.cache.lowX_agent.sequencer] Get_next_item called twice without item_done or get in between
UVM_ERROR @ 5590: uvm_test_top.tb.cache.lowX_agent.sequencer [uvm_test_top.tb.cache.lowX_agent.sequencer] Get_next_item called twice without item_done or get in between
UVM_ERROR @ 5610: uvm_test_top.tb.cache.lowX_agent.sequencer [uvm_test_top.tb.cache.lowX_agent.sequencer] Get_next_item called twice without item_done or get in between
UVM_ERROR @ 5630: uvm_test_top.tb.cache.lowX_agent.sequencer [uvm_test_top.tb.cache.lowX_agent.sequencer] Get_next_item called twice without item_done or get in between
UVM_ERROR @ 5650: uvm_test_top.tb.cache.lowX_agent.sequencer [uvm_test_top.tb.cache.lowX_agent.sequencer] Get_next_item called twice without item_done or get in between
UVM_ERROR @ 5670: uvm_test_top.tb.cache.lowX_agent.sequencer [uvm_test_top.tb.cache.lowX_agent.sequencer] Get_next_item called twice without item_done or get in between
UVM_ERROR @ 5690: uvm_test_top.tb.cache.lowX_agent.sequencer [uvm_test_top.tb.cache.lowX_agent.sequencer] Get_next_item called twice without item_done or get in between
UVM_ERROR @ 5710: uvm_test_top.tb.cache.lowX_agent.sequencer [uvm_test_top.tb.cache.lowX_agent.sequencer] Get_next_item called twice without item_done or get in between
UVM_ERROR @ 5730: uvm_test_top.tb.cache.lowX_agent.sequencer [uvm_test_top.tb.cache.lowX_agent.sequencer] Get_next_item called twice without item_done or get in between
UVM_ERROR @ 5750: uvm_test_top.tb.cache.lowX_agent.sequencer [uvm_test_top.tb.cache.lowX_agent.sequencer] Get_next_item called twice without item_done or get in between
UVM_ERROR @ 5770: uvm_test_top.tb.cache.lowX_agent.sequencer [uvm_test_top.tb.cache.lowX_agent.sequencer] Get_next_item called twice without item_done or get in between
UVM_ERROR @ 5790: uvm_test_top.tb.cache.lowX_agent.sequencer [uvm_test_top.tb.cache.lowX_agent.sequencer] Get_next_item called twice without item_done or get in between
UVM_ERROR @ 5810: uvm_test_top.tb.cache.lowX_agent.sequencer [uvm_test_top.tb.cache.lowX_agent.sequencer] Get_next_item called twice without item_done or get in between
UVM_ERROR @ 5830: uvm_test_top.tb.cache.lowX_agent.sequencer [uvm_test_top.tb.cache.lowX_agent.sequencer] Get_next_item called twice without item_done or get in between
UVM_ERROR @ 5850: uvm_test_top.tb.cache.lowX_agent.sequencer [uvm_test_top.tb.cache.lowX_agent.sequencer] Get_next_item called twice without item_done or get in between
UVM_ERROR @ 5870: uvm_test_top.tb.cache.lowX_agent.sequencer [uvm_test_top.tb.cache.lowX_agent.sequencer] Get_next_item called twice without item_done or get in between
UVM_ERROR @ 5890: uvm_test_top.tb.cache.lowX_agent.sequencer [uvm_test_top.tb.cache.lowX_agent.sequencer] Get_next_item called twice without item_done or get in between
UVM_ERROR @ 5910: uvm_test_top.tb.cache.lowX_agent.sequencer [uvm_test_top.tb.cache.lowX_agent.sequencer] Get_next_item called twice without item_done or get in between
UVM_ERROR @ 5930: uvm_test_top.tb.cache.lowX_agent.sequencer [uvm_test_top.tb.cache.lowX_agent.sequencer] Get_next_item called twice without item_done or get in between
UVM_ERROR @ 5950: uvm_test_top.tb.cache.lowX_agent.sequencer [uvm_test_top.tb.cache.lowX_agent.sequencer] Get_next_item called twice without item_done or get in between
UVM_ERROR @ 5970: uvm_test_top.tb.cache.lowX_agent.sequencer [uvm_test_top.tb.cache.lowX_agent.sequencer] Get_next_item called twice without item_done or get in between
UVM_ERROR @ 5990: uvm_test_top.tb.cache.lowX_agent.sequencer [uvm_test_top.tb.cache.lowX_agent.sequencer] Get_next_item called twice without item_done or get in between
UVM_ERROR @ 6010: uvm_test_top.tb.cache.lowX_agent.sequencer [uvm_test_top.tb.cache.lowX_agent.sequencer] Get_next_item called twice without item_done or get in between
UVM_ERROR @ 6030: uvm_test_top.tb.cache.lowX_agent.sequencer [uvm_test_top.tb.cache.lowX_agent.sequencer] Get_next_item called twice without item_done or get in between
UVM_ERROR @ 6050: uvm_test_top.tb.cache.lowX_agent.sequencer [uvm_test_top.tb.cache.lowX_agent.sequencer] Get_next_item called twice without item_done or get in between
UVM_ERROR @ 6070: uvm_test_top.tb.cache.lowX_agent.sequencer [uvm_test_top.tb.cache.lowX_agent.sequencer] Get_next_item called twice without item_done or get in between
UVM_ERROR @ 6090: uvm_test_top.tb.cache.lowX_agent.sequencer [uvm_test_top.tb.cache.lowX_agent.sequencer] Get_next_item called twice without item_done or get in between
UVM_ERROR @ 6110: uvm_test_top.tb.cache.lowX_agent.sequencer [uvm_test_top.tb.cache.lowX_agent.sequencer] Get_next_item called twice without item_done or get in between
UVM_ERROR @ 6130: uvm_test_top.tb.cache.lowX_agent.sequencer [uvm_test_top.tb.cache.lowX_agent.sequencer] Get_next_item called twice without item_done or get in between
UVM_ERROR @ 6150: uvm_test_top.tb.cache.lowX_agent.sequencer [uvm_test_top.tb.cache.lowX_agent.sequencer] Get_next_item called twice without item_done or get in between
UVM_ERROR @ 6170: uvm_test_top.tb.cache.lowX_agent.sequencer [uvm_test_top.tb.cache.lowX_agent.sequencer] Get_next_item called twice without item_done or get in between
UVM_ERROR @ 6190: uvm_test_top.tb.cache.lowX_agent.sequencer [uvm_test_top.tb.cache.lowX_agent.sequencer] Get_next_item called twice without item_done or get in between
UVM_ERROR @ 6210: uvm_test_top.tb.cache.lowX_agent.sequencer [uvm_test_top.tb.cache.lowX_agent.sequencer] Get_next_item called twice without item_done or get in between
UVM_ERROR @ 6230: uvm_test_top.tb.cache.lowX_agent.sequencer [uvm_test_top.tb.cache.lowX_agent.sequencer] Get_next_item called twice without item_done or get in between
UVM_ERROR @ 6250: uvm_test_top.tb.cache.lowX_agent.sequencer [uvm_test_top.tb.cache.lowX_agent.sequencer] Get_next_item called twice without item_done or get in between
UVM_ERROR @ 6270: uvm_test_top.tb.cache.lowX_agent.sequencer [uvm_test_top.tb.cache.lowX_agent.sequencer] Get_next_item called twice without item_done or get in between
UVM_ERROR @ 6290: uvm_test_top.tb.cache.lowX_agent.sequencer [uvm_test_top.tb.cache.lowX_agent.sequencer] Get_next_item called twice without item_done or get in between
UVM_ERROR @ 6310: uvm_test_top.tb.cache.lowX_agent.sequencer [uvm_test_top.tb.cache.lowX_agent.sequencer] Get_next_item called twice without item_done or get in between
UVM_ERROR @ 6330: uvm_test_top.tb.cache.lowX_agent.sequencer [uvm_test_top.tb.cache.lowX_agent.sequencer] Get_next_item called twice without item_done or get in between
UVM_ERROR @ 6350: uvm_test_top.tb.cache.lowX_agent.sequencer [uvm_test_top.tb.cache.lowX_agent.sequencer] Get_next_item called twice without item_done or get in between
UVM_ERROR @ 6370: uvm_test_top.tb.cache.lowX_agent.sequencer [uvm_test_top.tb.cache.lowX_agent.sequencer] Get_next_item called twice without item_done or get in between
UVM_ERROR @ 6390: uvm_test_top.tb.cache.lowX_agent.sequencer [uvm_test_top.tb.cache.lowX_agent.sequencer] Get_next_item called twice without item_done or get in between
UVM_ERROR @ 6410: uvm_test_top.tb.cache.lowX_agent.sequencer [uvm_test_top.tb.cache.lowX_agent.sequencer] Get_next_item called twice without item_done or get in between
UVM_ERROR @ 6430: uvm_test_top.tb.cache.lowX_agent.sequencer [uvm_test_top.tb.cache.lowX_agent.sequencer] Get_next_item called twice without item_done or get in between
UVM_ERROR @ 6450: uvm_test_top.tb.cache.lowX_agent.sequencer [uvm_test_top.tb.cache.lowX_agent.sequencer] Get_next_item called twice without item_done or get in between
UVM_ERROR @ 6470: uvm_test_top.tb.cache.lowX_agent.sequencer [uvm_test_top.tb.cache.lowX_agent.sequencer] Get_next_item called twice without item_done or get in between
UVM_ERROR @ 6490: uvm_test_top.tb.cache.lowX_agent.sequencer [uvm_test_top.tb.cache.lowX_agent.sequencer] Get_next_item called twice without item_done or get in between
UVM_ERROR @ 6510: uvm_test_top.tb.cache.lowX_agent.sequencer [uvm_test_top.tb.cache.lowX_agent.sequencer] Get_next_item called twice without item_done or get in between
UVM_ERROR @ 6530: uvm_test_top.tb.cache.lowX_agent.sequencer [uvm_test_top.tb.cache.lowX_agent.sequencer] Get_next_item called twice without item_done or get in between
UVM_ERROR @ 6550: uvm_test_top.tb.cache.lowX_agent.sequencer [uvm_test_top.tb.cache.lowX_agent.sequencer] Get_next_item called twice without item_done or get in between
UVM_ERROR @ 6570: uvm_test_top.tb.cache.lowX_agent.sequencer [uvm_test_top.tb.cache.lowX_agent.sequencer] Get_next_item called twice without item_done or get in between
UVM_ERROR @ 6590: uvm_test_top.tb.cache.lowX_agent.sequencer [uvm_test_top.tb.cache.lowX_agent.sequencer] Get_next_item called twice without item_done or get in between
UVM_ERROR @ 6610: uvm_test_top.tb.cache.lowX_agent.sequencer [uvm_test_top.tb.cache.lowX_agent.sequencer] Get_next_item called twice without item_done or get in between
UVM_ERROR @ 6630: uvm_test_top.tb.cache.lowX_agent.sequencer [uvm_test_top.tb.cache.lowX_agent.sequencer] Get_next_item called twice without item_done or get in between
UVM_ERROR @ 6650: uvm_test_top.tb.cache.lowX_agent.sequencer [uvm_test_top.tb.cache.lowX_agent.sequencer] Get_next_item called twice without item_done or get in between
UVM_ERROR @ 6670: uvm_test_top.tb.cache.lowX_agent.sequencer [uvm_test_top.tb.cache.lowX_agent.sequencer] Get_next_item called twice without item_done or get in between
UVM_ERROR @ 6690: uvm_test_top.tb.cache.lowX_agent.sequencer [uvm_test_top.tb.cache.lowX_agent.sequencer] Get_next_item called twice without item_done or get in between
UVM_ERROR @ 6710: uvm_test_top.tb.cache.lowX_agent.sequencer [uvm_test_top.tb.cache.lowX_agent.sequencer] Get_next_item called twice without item_done or get in between
UVM_ERROR @ 6730: uvm_test_top.tb.cache.lowX_agent.sequencer [uvm_test_top.tb.cache.lowX_agent.sequencer] Get_next_item called twice without item_done or get in between
UVM_ERROR @ 6750: uvm_test_top.tb.cache.lowX_agent.sequencer [uvm_test_top.tb.cache.lowX_agent.sequencer] Get_next_item called twice without item_done or get in between
UVM_ERROR @ 6770: uvm_test_top.tb.cache.lowX_agent.sequencer [uvm_test_top.tb.cache.lowX_agent.sequencer] Get_next_item called twice without item_done or get in between
UVM_ERROR @ 6790: uvm_test_top.tb.cache.lowX_agent.sequencer [uvm_test_top.tb.cache.lowX_agent.sequencer] Get_next_item called twice without item_done or get in between
UVM_ERROR @ 6810: uvm_test_top.tb.cache.lowX_agent.sequencer [uvm_test_top.tb.cache.lowX_agent.sequencer] Get_next_item called twice without item_done or get in between
UVM_ERROR @ 6830: uvm_test_top.tb.cache.lowX_agent.sequencer [uvm_test_top.tb.cache.lowX_agent.sequencer] Get_next_item called twice without item_done or get in between
UVM_ERROR @ 6850: uvm_test_top.tb.cache.lowX_agent.sequencer [uvm_test_top.tb.cache.lowX_agent.sequencer] Get_next_item called twice without item_done or get in between
UVM_ERROR @ 6870: uvm_test_top.tb.cache.lowX_agent.sequencer [uvm_test_top.tb.cache.lowX_agent.sequencer] Get_next_item called twice without item_done or get in between
UVM_ERROR @ 6890: uvm_test_top.tb.cache.lowX_agent.sequencer [uvm_test_top.tb.cache.lowX_agent.sequencer] Get_next_item called twice without item_done or get in between
UVM_ERROR @ 6910: uvm_test_top.tb.cache.lowX_agent.sequencer [uvm_test_top.tb.cache.lowX_agent.sequencer] Get_next_item called twice without item_done or get in between
UVM_ERROR @ 6930: uvm_test_top.tb.cache.lowX_agent.sequencer [uvm_test_top.tb.cache.lowX_agent.sequencer] Get_next_item called twice without item_done or get in between
UVM_ERROR @ 6950: uvm_test_top.tb.cache.lowX_agent.sequencer [uvm_test_top.tb.cache.lowX_agent.sequencer] Get_next_item called twice without item_done or get in between
UVM_ERROR @ 6970: uvm_test_top.tb.cache.lowX_agent.sequencer [uvm_test_top.tb.cache.lowX_agent.sequencer] Get_next_item called twice without item_done or get in between
UVM_ERROR @ 6990: uvm_test_top.tb.cache.lowX_agent.sequencer [uvm_test_top.tb.cache.lowX_agent.sequencer] Get_next_item called twice without item_done or get in between
UVM_ERROR @ 7010: uvm_test_top.tb.cache.lowX_agent.sequencer [uvm_test_top.tb.cache.lowX_agent.sequencer] Get_next_item called twice without item_done or get in between
UVM_ERROR @ 7030: uvm_test_top.tb.cache.lowX_agent.sequencer [uvm_test_top.tb.cache.lowX_agent.sequencer] Get_next_item called twice without item_done or get in between
UVM_ERROR @ 7050: uvm_test_top.tb.cache.lowX_agent.sequencer [uvm_test_top.tb.cache.lowX_agent.sequencer] Get_next_item called twice without item_done or get in between
UVM_ERROR @ 7070: uvm_test_top.tb.cache.lowX_agent.sequencer [uvm_test_top.tb.cache.lowX_agent.sequencer] Get_next_item called twice without item_done or get in between
UVM_ERROR @ 7090: uvm_test_top.tb.cache.lowX_agent.sequencer [uvm_test_top.tb.cache.lowX_agent.sequencer] Get_next_item called twice without item_done or get in between
UVM_ERROR @ 7110: uvm_test_top.tb.cache.lowX_agent.sequencer [uvm_test_top.tb.cache.lowX_agent.sequencer] Get_next_item called twice without item_done or get in between
UVM_ERROR @ 7130: uvm_test_top.tb.cache.lowX_agent.sequencer [uvm_test_top.tb.cache.lowX_agent.sequencer] Get_next_item called twice without item_done or get in between
UVM_ERROR @ 7150: uvm_test_top.tb.cache.lowX_agent.sequencer [uvm_test_top.tb.cache.lowX_agent.sequencer] Get_next_item called twice without item_done or get in between
UVM_ERROR @ 7170: uvm_test_top.tb.cache.lowX_agent.sequencer [uvm_test_top.tb.cache.lowX_agent.sequencer] Get_next_item called twice without item_done or get in between
UVM_ERROR @ 7190: uvm_test_top.tb.cache.lowX_agent.sequencer [uvm_test_top.tb.cache.lowX_agent.sequencer] Get_next_item called twice without item_done or get in between
UVM_ERROR @ 7210: uvm_test_top.tb.cache.lowX_agent.sequencer [uvm_test_top.tb.cache.lowX_agent.sequencer] Get_next_item called twice without item_done or get in between
UVM_ERROR @ 7230: uvm_test_top.tb.cache.lowX_agent.sequencer [uvm_test_top.tb.cache.lowX_agent.sequencer] Get_next_item called twice without item_done or get in between
UVM_ERROR @ 7250: uvm_test_top.tb.cache.lowX_agent.sequencer [uvm_test_top.tb.cache.lowX_agent.sequencer] Get_next_item called twice without item_done or get in between
UVM_ERROR @ 7270: uvm_test_top.tb.cache.lowX_agent.sequencer [uvm_test_top.tb.cache.lowX_agent.sequencer] Get_next_item called twice without item_done or get in between
UVM_ERROR @ 7290: uvm_test_top.tb.cache.lowX_agent.sequencer [uvm_test_top.tb.cache.lowX_agent.sequencer] Get_next_item called twice without item_done or get in between
UVM_ERROR @ 7310: uvm_test_top.tb.cache.lowX_agent.sequencer [uvm_test_top.tb.cache.lowX_agent.sequencer] Get_next_item called twice without item_done or get in between
UVM_ERROR @ 7330: uvm_test_top.tb.cache.lowX_agent.sequencer [uvm_test_top.tb.cache.lowX_agent.sequencer] Get_next_item called twice without item_done or get in between
UVM_ERROR @ 7350: uvm_test_top.tb.cache.lowX_agent.sequencer [uvm_test_top.tb.cache.lowX_agent.sequencer] Get_next_item called twice without item_done or get in between
UVM_ERROR @ 7370: uvm_test_top.tb.cache.lowX_agent.sequencer [uvm_test_top.tb.cache.lowX_agent.sequencer] Get_next_item called twice without item_done or get in between
UVM_ERROR @ 7390: uvm_test_top.tb.cache.lowX_agent.sequencer [uvm_test_top.tb.cache.lowX_agent.sequencer] Get_next_item called twice without item_done or get in between
UVM_ERROR @ 7410: uvm_test_top.tb.cache.lowX_agent.sequencer [uvm_test_top.tb.cache.lowX_agent.sequencer] Get_next_item called twice without item_done or get in between
UVM_ERROR @ 7430: uvm_test_top.tb.cache.lowX_agent.sequencer [uvm_test_top.tb.cache.lowX_agent.sequencer] Get_next_item called twice without item_done or get in between
UVM_ERROR @ 7450: uvm_test_top.tb.cache.lowX_agent.sequencer [uvm_test_top.tb.cache.lowX_agent.sequencer] Get_next_item called twice without item_done or get in between
UVM_ERROR @ 7470: uvm_test_top.tb.cache.lowX_agent.sequencer [uvm_test_top.tb.cache.lowX_agent.sequencer] Get_next_item called twice without item_done or get in between
UVM_ERROR @ 7490: uvm_test_top.tb.cache.lowX_agent.sequencer [uvm_test_top.tb.cache.lowX_agent.sequencer] Get_next_item called twice without item_done or get in between
UVM_ERROR @ 7510: uvm_test_top.tb.cache.lowX_agent.sequencer [uvm_test_top.tb.cache.lowX_agent.sequencer] Get_next_item called twice without item_done or get in between
UVM_ERROR @ 7530: uvm_test_top.tb.cache.lowX_agent.sequencer [uvm_test_top.tb.cache.lowX_agent.sequencer] Get_next_item called twice without item_done or get in between
UVM_ERROR @ 7550: uvm_test_top.tb.cache.lowX_agent.sequencer [uvm_test_top.tb.cache.lowX_agent.sequencer] Get_next_item called twice without item_done or get in between
UVM_ERROR @ 7570: uvm_test_top.tb.cache.lowX_agent.sequencer [uvm_test_top.tb.cache.lowX_agent.sequencer] Get_next_item called twice without item_done or get in between
UVM_ERROR @ 7590: uvm_test_top.tb.cache.lowX_agent.sequencer [uvm_test_top.tb.cache.lowX_agent.sequencer] Get_next_item called twice without item_done or get in between
UVM_ERROR @ 7610: uvm_test_top.tb.cache.lowX_agent.sequencer [uvm_test_top.tb.cache.lowX_agent.sequencer] Get_next_item called twice without item_done or get in between
UVM_ERROR @ 7630: uvm_test_top.tb.cache.lowX_agent.sequencer [uvm_test_top.tb.cache.lowX_agent.sequencer] Get_next_item called twice without item_done or get in between
UVM_ERROR @ 7650: uvm_test_top.tb.cache.lowX_agent.sequencer [uvm_test_top.tb.cache.lowX_agent.sequencer] Get_next_item called twice without item_done or get in between
UVM_ERROR @ 7670: uvm_test_top.tb.cache.lowX_agent.sequencer [uvm_test_top.tb.cache.lowX_agent.sequencer] Get_next_item called twice without item_done or get in between
UVM_ERROR @ 7690: uvm_test_top.tb.cache.lowX_agent.sequencer [uvm_test_top.tb.cache.lowX_agent.sequencer] Get_next_item called twice without item_done or get in between
UVM_ERROR @ 7710: uvm_test_top.tb.cache.lowX_agent.sequencer [uvm_test_top.tb.cache.lowX_agent.sequencer] Get_next_item called twice without item_done or get in between
UVM_ERROR @ 7730: uvm_test_top.tb.cache.lowX_agent.sequencer [uvm_test_top.tb.cache.lowX_agent.sequencer] Get_next_item called twice without item_done or get in between
UVM_ERROR @ 7750: uvm_test_top.tb.cache.lowX_agent.sequencer [uvm_test_top.tb.cache.lowX_agent.sequencer] Get_next_item called twice without item_done or get in between
UVM_ERROR @ 7770: uvm_test_top.tb.cache.lowX_agent.sequencer [uvm_test_top.tb.cache.lowX_agent.sequencer] Get_next_item called twice without item_done or get in between
UVM_ERROR @ 7790: uvm_test_top.tb.cache.lowX_agent.sequencer [uvm_test_top.tb.cache.lowX_agent.sequencer] Get_next_item called twice without item_done or get in between
UVM_ERROR @ 7810: uvm_test_top.tb.cache.lowX_agent.sequencer [uvm_test_top.tb.cache.lowX_agent.sequencer] Get_next_item called twice without item_done or get in between
UVM_ERROR @ 7830: uvm_test_top.tb.cache.lowX_agent.sequencer [uvm_test_top.tb.cache.lowX_agent.sequencer] Get_next_item called twice without item_done or get in between
UVM_ERROR @ 7850: uvm_test_top.tb.cache.lowX_agent.sequencer [uvm_test_top.tb.cache.lowX_agent.sequencer] Get_next_item called twice without item_done or get in between
UVM_ERROR @ 7870: uvm_test_top.tb.cache.lowX_agent.sequencer [uvm_test_top.tb.cache.lowX_agent.sequencer] Get_next_item called twice without item_done or get in between
UVM_ERROR @ 7890: uvm_test_top.tb.cache.lowX_agent.sequencer [uvm_test_top.tb.cache.lowX_agent.sequencer] Get_next_item called twice without item_done or get in between
UVM_ERROR @ 7910: uvm_test_top.tb.cache.lowX_agent.sequencer [uvm_test_top.tb.cache.lowX_agent.sequencer] Get_next_item called twice without item_done or get in between
UVM_ERROR @ 7930: uvm_test_top.tb.cache.lowX_agent.sequencer [uvm_test_top.tb.cache.lowX_agent.sequencer] Get_next_item called twice without item_done or get in between
UVM_ERROR @ 7950: uvm_test_top.tb.cache.lowX_agent.sequencer [uvm_test_top.tb.cache.lowX_agent.sequencer] Get_next_item called twice without item_done or get in between
UVM_ERROR @ 7970: uvm_test_top.tb.cache.lowX_agent.sequencer [uvm_test_top.tb.cache.lowX_agent.sequencer] Get_next_item called twice without item_done or get in between
UVM_ERROR @ 7990: uvm_test_top.tb.cache.lowX_agent.sequencer [uvm_test_top.tb.cache.lowX_agent.sequencer] Get_next_item called twice without item_done or get in between
UVM_ERROR @ 8010: uvm_test_top.tb.cache.lowX_agent.sequencer [uvm_test_top.tb.cache.lowX_agent.sequencer] Get_next_item called twice without item_done or get in between
UVM_ERROR @ 8030: uvm_test_top.tb.cache.lowX_agent.sequencer [uvm_test_top.tb.cache.lowX_agent.sequencer] Get_next_item called twice without item_done or get in between
UVM_ERROR @ 8050: uvm_test_top.tb.cache.lowX_agent.sequencer [uvm_test_top.tb.cache.lowX_agent.sequencer] Get_next_item called twice without item_done or get in between
UVM_ERROR @ 8070: uvm_test_top.tb.cache.lowX_agent.sequencer [uvm_test_top.tb.cache.lowX_agent.sequencer] Get_next_item called twice without item_done or get in between
UVM_ERROR @ 8090: uvm_test_top.tb.cache.lowX_agent.sequencer [uvm_test_top.tb.cache.lowX_agent.sequencer] Get_next_item called twice without item_done or get in between
UVM_ERROR @ 8110: uvm_test_top.tb.cache.lowX_agent.sequencer [uvm_test_top.tb.cache.lowX_agent.sequencer] Get_next_item called twice without item_done or get in between
UVM_ERROR @ 8130: uvm_test_top.tb.cache.lowX_agent.sequencer [uvm_test_top.tb.cache.lowX_agent.sequencer] Get_next_item called twice without item_done or get in between
UVM_ERROR @ 8150: uvm_test_top.tb.cache.lowX_agent.sequencer [uvm_test_top.tb.cache.lowX_agent.sequencer] Get_next_item called twice without item_done or get in between
UVM_ERROR @ 8170: uvm_test_top.tb.cache.lowX_agent.sequencer [uvm_test_top.tb.cache.lowX_agent.sequencer] Get_next_item called twice without item_done or get in between
UVM_ERROR @ 8190: uvm_test_top.tb.cache.lowX_agent.sequencer [uvm_test_top.tb.cache.lowX_agent.sequencer] Get_next_item called twice without item_done or get in between
UVM_ERROR @ 8210: uvm_test_top.tb.cache.lowX_agent.sequencer [uvm_test_top.tb.cache.lowX_agent.sequencer] Get_next_item called twice without item_done or get in between
UVM_ERROR @ 8230: uvm_test_top.tb.cache.lowX_agent.sequencer [uvm_test_top.tb.cache.lowX_agent.sequencer] Get_next_item called twice without item_done or get in between
UVM_ERROR @ 8250: uvm_test_top.tb.cache.lowX_agent.sequencer [uvm_test_top.tb.cache.lowX_agent.sequencer] Get_next_item called twice without item_done or get in between
UVM_ERROR @ 8270: uvm_test_top.tb.cache.lowX_agent.sequencer [uvm_test_top.tb.cache.lowX_agent.sequencer] Get_next_item called twice without item_done or get in between
UVM_ERROR @ 8290: uvm_test_top.tb.cache.lowX_agent.sequencer [uvm_test_top.tb.cache.lowX_agent.sequencer] Get_next_item called twice without item_done or get in between
UVM_ERROR @ 8310: uvm_test_top.tb.cache.lowX_agent.sequencer [uvm_test_top.tb.cache.lowX_agent.sequencer] Get_next_item called twice without item_done or get in between
UVM_ERROR @ 8330: uvm_test_top.tb.cache.lowX_agent.sequencer [uvm_test_top.tb.cache.lowX_agent.sequencer] Get_next_item called twice without item_done or get in between
UVM_ERROR @ 8350: uvm_test_top.tb.cache.lowX_agent.sequencer [uvm_test_top.tb.cache.lowX_agent.sequencer] Get_next_item called twice without item_done or get in between
UVM_ERROR @ 8370: uvm_test_top.tb.cache.lowX_agent.sequencer [uvm_test_top.tb.cache.lowX_agent.sequencer] Get_next_item called twice without item_done or get in between
UVM_ERROR @ 8390: uvm_test_top.tb.cache.lowX_agent.sequencer [uvm_test_top.tb.cache.lowX_agent.sequencer] Get_next_item called twice without item_done or get in between
UVM_ERROR @ 8410: uvm_test_top.tb.cache.lowX_agent.sequencer [uvm_test_top.tb.cache.lowX_agent.sequencer] Get_next_item called twice without item_done or get in between
UVM_ERROR @ 8430: uvm_test_top.tb.cache.lowX_agent.sequencer [uvm_test_top.tb.cache.lowX_agent.sequencer] Get_next_item called twice without item_done or get in between
UVM_ERROR @ 8450: uvm_test_top.tb.cache.lowX_agent.sequencer [uvm_test_top.tb.cache.lowX_agent.sequencer] Get_next_item called twice without item_done or get in between
UVM_ERROR @ 8470: uvm_test_top.tb.cache.lowX_agent.sequencer [uvm_test_top.tb.cache.lowX_agent.sequencer] Get_next_item called twice without item_done or get in between
UVM_ERROR @ 8490: uvm_test_top.tb.cache.lowX_agent.sequencer [uvm_test_top.tb.cache.lowX_agent.sequencer] Get_next_item called twice without item_done or get in between
UVM_ERROR @ 8510: uvm_test_top.tb.cache.lowX_agent.sequencer [uvm_test_top.tb.cache.lowX_agent.sequencer] Get_next_item called twice without item_done or get in between
UVM_ERROR @ 8530: uvm_test_top.tb.cache.lowX_agent.sequencer [uvm_test_top.tb.cache.lowX_agent.sequencer] Get_next_item called twice without item_done or get in between
UVM_ERROR @ 8550: uvm_test_top.tb.cache.lowX_agent.sequencer [uvm_test_top.tb.cache.lowX_agent.sequencer] Get_next_item called twice without item_done or get in between
UVM_ERROR @ 8570: uvm_test_top.tb.cache.lowX_agent.sequencer [uvm_test_top.tb.cache.lowX_agent.sequencer] Get_next_item called twice without item_done or get in between
UVM_ERROR @ 8590: uvm_test_top.tb.cache.lowX_agent.sequencer [uvm_test_top.tb.cache.lowX_agent.sequencer] Get_next_item called twice without item_done or get in between
UVM_ERROR @ 8610: uvm_test_top.tb.cache.lowX_agent.sequencer [uvm_test_top.tb.cache.lowX_agent.sequencer] Get_next_item called twice without item_done or get in between
UVM_ERROR @ 8630: uvm_test_top.tb.cache.lowX_agent.sequencer [uvm_test_top.tb.cache.lowX_agent.sequencer] Get_next_item called twice without item_done or get in between
UVM_ERROR @ 8650: uvm_test_top.tb.cache.lowX_agent.sequencer [uvm_test_top.tb.cache.lowX_agent.sequencer] Get_next_item called twice without item_done or get in between
UVM_ERROR @ 8670: uvm_test_top.tb.cache.lowX_agent.sequencer [uvm_test_top.tb.cache.lowX_agent.sequencer] Get_next_item called twice without item_done or get in between
UVM_ERROR @ 8690: uvm_test_top.tb.cache.lowX_agent.sequencer [uvm_test_top.tb.cache.lowX_agent.sequencer] Get_next_item called twice without item_done or get in between
UVM_ERROR @ 8710: uvm_test_top.tb.cache.lowX_agent.sequencer [uvm_test_top.tb.cache.lowX_agent.sequencer] Get_next_item called twice without item_done or get in between
UVM_ERROR @ 8730: uvm_test_top.tb.cache.lowX_agent.sequencer [uvm_test_top.tb.cache.lowX_agent.sequencer] Get_next_item called twice without item_done or get in between
UVM_ERROR @ 8750: uvm_test_top.tb.cache.lowX_agent.sequencer [uvm_test_top.tb.cache.lowX_agent.sequencer] Get_next_item called twice without item_done or get in between
UVM_ERROR @ 8770: uvm_test_top.tb.cache.lowX_agent.sequencer [uvm_test_top.tb.cache.lowX_agent.sequencer] Get_next_item called twice without item_done or get in between
UVM_ERROR @ 8790: uvm_test_top.tb.cache.lowX_agent.sequencer [uvm_test_top.tb.cache.lowX_agent.sequencer] Get_next_item called twice without item_done or get in between
UVM_ERROR @ 8810: uvm_test_top.tb.cache.lowX_agent.sequencer [uvm_test_top.tb.cache.lowX_agent.sequencer] Get_next_item called twice without item_done or get in between
UVM_ERROR @ 8830: uvm_test_top.tb.cache.lowX_agent.sequencer [uvm_test_top.tb.cache.lowX_agent.sequencer] Get_next_item called twice without item_done or get in between
UVM_ERROR @ 8850: uvm_test_top.tb.cache.lowX_agent.sequencer [uvm_test_top.tb.cache.lowX_agent.sequencer] Get_next_item called twice without item_done or get in between
UVM_ERROR @ 8870: uvm_test_top.tb.cache.lowX_agent.sequencer [uvm_test_top.tb.cache.lowX_agent.sequencer] Get_next_item called twice without item_done or get in between
UVM_ERROR @ 8890: uvm_test_top.tb.cache.lowX_agent.sequencer [uvm_test_top.tb.cache.lowX_agent.sequencer] Get_next_item called twice without item_done or get in between
UVM_ERROR @ 8910: uvm_test_top.tb.cache.lowX_agent.sequencer [uvm_test_top.tb.cache.lowX_agent.sequencer] Get_next_item called twice without item_done or get in between
UVM_ERROR @ 8930: uvm_test_top.tb.cache.lowX_agent.sequencer [uvm_test_top.tb.cache.lowX_agent.sequencer] Get_next_item called twice without item_done or get in between
UVM_ERROR @ 8950: uvm_test_top.tb.cache.lowX_agent.sequencer [uvm_test_top.tb.cache.lowX_agent.sequencer] Get_next_item called twice without item_done or get in between
UVM_ERROR @ 8970: uvm_test_top.tb.cache.lowX_agent.sequencer [uvm_test_top.tb.cache.lowX_agent.sequencer] Get_next_item called twice without item_done or get in between
UVM_ERROR @ 8990: uvm_test_top.tb.cache.lowX_agent.sequencer [uvm_test_top.tb.cache.lowX_agent.sequencer] Get_next_item called twice without item_done or get in between
UVM_ERROR @ 9010: uvm_test_top.tb.cache.lowX_agent.sequencer [uvm_test_top.tb.cache.lowX_agent.sequencer] Get_next_item called twice without item_done or get in between
UVM_ERROR @ 9030: uvm_test_top.tb.cache.lowX_agent.sequencer [uvm_test_top.tb.cache.lowX_agent.sequencer] Get_next_item called twice without item_done or get in between
UVM_ERROR @ 9050: uvm_test_top.tb.cache.lowX_agent.sequencer [uvm_test_top.tb.cache.lowX_agent.sequencer] Get_next_item called twice without item_done or get in between
UVM_ERROR @ 9070: uvm_test_top.tb.cache.lowX_agent.sequencer [uvm_test_top.tb.cache.lowX_agent.sequencer] Get_next_item called twice without item_done or get in between
UVM_ERROR @ 9090: uvm_test_top.tb.cache.lowX_agent.sequencer [uvm_test_top.tb.cache.lowX_agent.sequencer] Get_next_item called twice without item_done or get in between
UVM_ERROR @ 9110: uvm_test_top.tb.cache.lowX_agent.sequencer [uvm_test_top.tb.cache.lowX_agent.sequencer] Get_next_item called twice without item_done or get in between
UVM_ERROR @ 9130: uvm_test_top.tb.cache.lowX_agent.sequencer [uvm_test_top.tb.cache.lowX_agent.sequencer] Get_next_item called twice without item_done or get in between
UVM_ERROR @ 9150: uvm_test_top.tb.cache.lowX_agent.sequencer [uvm_test_top.tb.cache.lowX_agent.sequencer] Get_next_item called twice without item_done or get in between
UVM_ERROR @ 9170: uvm_test_top.tb.cache.lowX_agent.sequencer [uvm_test_top.tb.cache.lowX_agent.sequencer] Get_next_item called twice without item_done or get in between
UVM_ERROR @ 9190: uvm_test_top.tb.cache.lowX_agent.sequencer [uvm_test_top.tb.cache.lowX_agent.sequencer] Get_next_item called twice without item_done or get in between
UVM_ERROR @ 9210: uvm_test_top.tb.cache.lowX_agent.sequencer [uvm_test_top.tb.cache.lowX_agent.sequencer] Get_next_item called twice without item_done or get in between
UVM_ERROR @ 9230: uvm_test_top.tb.cache.lowX_agent.sequencer [uvm_test_top.tb.cache.lowX_agent.sequencer] Get_next_item called twice without item_done or get in between
UVM_ERROR @ 9250: uvm_test_top.tb.cache.lowX_agent.sequencer [uvm_test_top.tb.cache.lowX_agent.sequencer] Get_next_item called twice without item_done or get in between
UVM_ERROR @ 9270: uvm_test_top.tb.cache.lowX_agent.sequencer [uvm_test_top.tb.cache.lowX_agent.sequencer] Get_next_item called twice without item_done or get in between
UVM_ERROR @ 9290: uvm_test_top.tb.cache.lowX_agent.sequencer [uvm_test_top.tb.cache.lowX_agent.sequencer] Get_next_item called twice without item_done or get in between
UVM_ERROR @ 9310: uvm_test_top.tb.cache.lowX_agent.sequencer [uvm_test_top.tb.cache.lowX_agent.sequencer] Get_next_item called twice without item_done or get in between
UVM_ERROR @ 9330: uvm_test_top.tb.cache.lowX_agent.sequencer [uvm_test_top.tb.cache.lowX_agent.sequencer] Get_next_item called twice without item_done or get in between
UVM_ERROR @ 9350: uvm_test_top.tb.cache.lowX_agent.sequencer [uvm_test_top.tb.cache.lowX_agent.sequencer] Get_next_item called twice without item_done or get in between
UVM_ERROR @ 9370: uvm_test_top.tb.cache.lowX_agent.sequencer [uvm_test_top.tb.cache.lowX_agent.sequencer] Get_next_item called twice without item_done or get in between
UVM_ERROR @ 9390: uvm_test_top.tb.cache.lowX_agent.sequencer [uvm_test_top.tb.cache.lowX_agent.sequencer] Get_next_item called twice without item_done or get in between
UVM_ERROR @ 9410: uvm_test_top.tb.cache.lowX_agent.sequencer [uvm_test_top.tb.cache.lowX_agent.sequencer] Get_next_item called twice without item_done or get in between
UVM_ERROR @ 9430: uvm_test_top.tb.cache.lowX_agent.sequencer [uvm_test_top.tb.cache.lowX_agent.sequencer] Get_next_item called twice without item_done or get in between
UVM_ERROR @ 9450: uvm_test_top.tb.cache.lowX_agent.sequencer [uvm_test_top.tb.cache.lowX_agent.sequencer] Get_next_item called twice without item_done or get in between
UVM_ERROR @ 9470: uvm_test_top.tb.cache.lowX_agent.sequencer [uvm_test_top.tb.cache.lowX_agent.sequencer] Get_next_item called twice without item_done or get in between
UVM_ERROR @ 9490: uvm_test_top.tb.cache.lowX_agent.sequencer [uvm_test_top.tb.cache.lowX_agent.sequencer] Get_next_item called twice without item_done or get in between
UVM_ERROR @ 9510: uvm_test_top.tb.cache.lowX_agent.sequencer [uvm_test_top.tb.cache.lowX_agent.sequencer] Get_next_item called twice without item_done or get in between
UVM_ERROR @ 9530: uvm_test_top.tb.cache.lowX_agent.sequencer [uvm_test_top.tb.cache.lowX_agent.sequencer] Get_next_item called twice without item_done or get in between
UVM_ERROR @ 9550: uvm_test_top.tb.cache.lowX_agent.sequencer [uvm_test_top.tb.cache.lowX_agent.sequencer] Get_next_item called twice without item_done or get in between
UVM_ERROR @ 9570: uvm_test_top.tb.cache.lowX_agent.sequencer [uvm_test_top.tb.cache.lowX_agent.sequencer] Get_next_item called twice without item_done or get in between
UVM_ERROR @ 9590: uvm_test_top.tb.cache.lowX_agent.sequencer [uvm_test_top.tb.cache.lowX_agent.sequencer] Get_next_item called twice without item_done or get in between
UVM_ERROR @ 9610: uvm_test_top.tb.cache.lowX_agent.sequencer [uvm_test_top.tb.cache.lowX_agent.sequencer] Get_next_item called twice without item_done or get in between
UVM_ERROR @ 9630: uvm_test_top.tb.cache.lowX_agent.sequencer [uvm_test_top.tb.cache.lowX_agent.sequencer] Get_next_item called twice without item_done or get in between
UVM_ERROR @ 9650: uvm_test_top.tb.cache.lowX_agent.sequencer [uvm_test_top.tb.cache.lowX_agent.sequencer] Get_next_item called twice without item_done or get in between
UVM_ERROR @ 9670: uvm_test_top.tb.cache.lowX_agent.sequencer [uvm_test_top.tb.cache.lowX_agent.sequencer] Get_next_item called twice without item_done or get in between
UVM_ERROR @ 9690: uvm_test_top.tb.cache.lowX_agent.sequencer [uvm_test_top.tb.cache.lowX_agent.sequencer] Get_next_item called twice without item_done or get in between
UVM_ERROR @ 9710: uvm_test_top.tb.cache.lowX_agent.sequencer [uvm_test_top.tb.cache.lowX_agent.sequencer] Get_next_item called twice without item_done or get in between
UVM_ERROR @ 9730: uvm_test_top.tb.cache.lowX_agent.sequencer [uvm_test_top.tb.cache.lowX_agent.sequencer] Get_next_item called twice without item_done or get in between
UVM_ERROR @ 9750: uvm_test_top.tb.cache.lowX_agent.sequencer [uvm_test_top.tb.cache.lowX_agent.sequencer] Get_next_item called twice without item_done or get in between
UVM_ERROR @ 9770: uvm_test_top.tb.cache.lowX_agent.sequencer [uvm_test_top.tb.cache.lowX_agent.sequencer] Get_next_item called twice without item_done or get in between
UVM_ERROR @ 9790: uvm_test_top.tb.cache.lowX_agent.sequencer [uvm_test_top.tb.cache.lowX_agent.sequencer] Get_next_item called twice without item_done or get in between
UVM_ERROR @ 9810: uvm_test_top.tb.cache.lowX_agent.sequencer [uvm_test_top.tb.cache.lowX_agent.sequencer] Get_next_item called twice without item_done or get in between
UVM_ERROR @ 9830: uvm_test_top.tb.cache.lowX_agent.sequencer [uvm_test_top.tb.cache.lowX_agent.sequencer] Get_next_item called twice without item_done or get in between
UVM_ERROR @ 9850: uvm_test_top.tb.cache.lowX_agent.sequencer [uvm_test_top.tb.cache.lowX_agent.sequencer] Get_next_item called twice without item_done or get in between
UVM_ERROR @ 9870: uvm_test_top.tb.cache.lowX_agent.sequencer [uvm_test_top.tb.cache.lowX_agent.sequencer] Get_next_item called twice without item_done or get in between
UVM_ERROR @ 9890: uvm_test_top.tb.cache.lowX_agent.sequencer [uvm_test_top.tb.cache.lowX_agent.sequencer] Get_next_item called twice without item_done or get in between
UVM_ERROR @ 9910: uvm_test_top.tb.cache.lowX_agent.sequencer [uvm_test_top.tb.cache.lowX_agent.sequencer] Get_next_item called twice without item_done or get in between
UVM_ERROR @ 9930: uvm_test_top.tb.cache.lowX_agent.sequencer [uvm_test_top.tb.cache.lowX_agent.sequencer] Get_next_item called twice without item_done or get in between
UVM_ERROR @ 9950: uvm_test_top.tb.cache.lowX_agent.sequencer [uvm_test_top.tb.cache.lowX_agent.sequencer] Get_next_item called twice without item_done or get in between
UVM_ERROR @ 9970: uvm_test_top.tb.cache.lowX_agent.sequencer [uvm_test_top.tb.cache.lowX_agent.sequencer] Get_next_item called twice without item_done or get in between
UVM_ERROR @ 9990: uvm_test_top.tb.cache.lowX_agent.sequencer [uvm_test_top.tb.cache.lowX_agent.sequencer] Get_next_item called twice without item_done or get in between
UVM_ERROR @ 10010: uvm_test_top.tb.cache.lowX_agent.sequencer [uvm_test_top.tb.cache.lowX_agent.sequencer] Get_next_item called twice without item_done or get in between
Simulation stopped via $stop(1) at time 10020 NS + 0
xcelium> 